2020-03-16 14:30:03.078  INFO 8613 --- [main] spring.IdentityApplication               : The following profiles are active: native
2020-03-16 14:30:03.707  INFO 8613 --- [main] .s.d.r.c.RepositoryConfigurationDelegate : Bootstrapping Spring Data JPA repositories in DEFAULT mode.
2020-03-16 14:30:03.766  INFO 8613 --- [main] .s.d.r.c.RepositoryConfigurationDelegate : Finished Spring Data repository scanning in 52ms. Found 3 JPA repository interfaces.
2020-03-16 14:30:03.856  WARN 8613 --- [main] o.s.boot.actuate.endpoint.EndpointId     : Endpoint ID 'hystrix.stream' contains invalid characters, please migrate to a valid format.
2020-03-16 14:30:03.976  INFO 8613 --- [main] o.s.cloud.context.scope.GenericScope     : BeanFactory id=30e2b6c6-c448-3752-832d-c3451c4d9d0a
2020-03-16 14:30:04.131  INFO 8613 --- [main] trationDelegate$BeanPostProcessorChecker : Bean 'org.springframework.transaction.annotation.ProxyTransactionManagementConfiguration' of type [org.springframework.transaction.annotation.ProxyTransactionManagementConfiguration] is not eligible for getting processed by all BeanPostProcessors (for example: not eligible for auto-proxying)
2020-03-16 14:30:04.424  INFO 8613 --- [main] o.s.b.w.embedded.tomcat.TomcatWebServer  : Tomcat initialized with port(s): 7070 (https)
2020-03-16 14:30:04.440  INFO 8613 --- [main] o.apache.catalina.core.StandardService   : Starting service [Tomcat]
2020-03-16 14:30:04.440  INFO 8613 --- [main] org.apache.catalina.core.StandardEngine  : Starting Servlet engine: [Apache Tomcat/9.0.30]
2020-03-16 14:30:04.545  INFO 8613 --- [main] o.a.c.c.C.[Tomcat].[localhost].[/]       : Initializing Spring embedded WebApplicationContext
2020-03-16 14:30:04.545  INFO 8613 --- [main] o.s.web.context.ContextLoader            : Root WebApplicationContext: initialization completed in 1450 ms
2020-03-16 14:30:04.631  WARN 8613 --- [main] c.n.c.sources.URLConfigurationSource     : No URLs will be polled as dynamic configuration sources.
2020-03-16 14:30:04.631  INFO 8613 --- [main] c.n.c.sources.URLConfigurationSource     : To enable URLs as dynamic configuration sources, define System property archaius.configurationSource.additionalUrls or make config.properties available on classpath.
2020-03-16 14:30:04.640  INFO 8613 --- [main] c.netflix.config.DynamicPropertyFactory  : DynamicPropertyFactory is initialized with configuration sources: com.netflix.config.ConcurrentCompositeConfiguration@147e0734
2020-03-16 14:30:04.688  WARN 8613 --- [main] JpaBaseConfiguration$JpaWebConfiguration : spring.jpa.open-in-view is enabled by default. Therefore, database queries may be performed during view rendering. Explicitly configure spring.jpa.open-in-view to disable this warning
2020-03-16 14:30:04.813  INFO 8613 --- [main] o.hibernate.jpa.internal.util.LogHelper  : HHH000204: Processing PersistenceUnitInfo [name: default]
2020-03-16 14:30:04.856  INFO 8613 --- [main] org.hibernate.Version                    : HHH000412: Hibernate Core {5.4.10.Final}
2020-03-16 14:30:04.943  INFO 8613 --- [main] o.hibernate.annotations.common.Version   : HCANN000001: Hibernate Commons Annotations {5.1.0.Final}
2020-03-16 14:30:05.012  INFO 8613 --- [main] com.zaxxer.hikari.HikariDataSource       : HikariPool-1 - Starting...
2020-03-16 14:30:05.230  INFO 8613 --- [main] com.zaxxer.hikari.HikariDataSource       : HikariPool-1 - Start completed.
2020-03-16 14:30:05.246  INFO 8613 --- [main] org.hibernate.dialect.Dialect            : HHH000400: Using dialect: org.hibernate.dialect.PostgreSQL10Dialect
2020-03-16 14:30:05.737  INFO 8613 --- [main] o.h.e.t.j.p.i.JtaPlatformInitiator       : HHH000490: Using JtaPlatform implementation: [org.hibernate.engine.transaction.jta.platform.internal.NoJtaPlatform]
2020-03-16 14:30:05.742  INFO 8613 --- [main] j.LocalContainerEntityManagerFactoryBean : Initialized JPA EntityManagerFactory for persistence unit 'default'
2020-03-16 14:30:06.534  INFO 8613 --- [main] o.s.b.a.e.web.ServletEndpointRegistrar   : Registered '/actuator/hystrix.stream' to hystrix.stream-actuator-endpoint
2020-03-16 14:30:06.920  INFO 8613 --- [main] o.s.s.web.DefaultSecurityFilterChain     : Creating filter chain: any request, [org.springframework.security.web.context.request.async.WebAsyncManagerIntegrationFilter@35c69e6b, org.springframework.security.web.context.SecurityContextPersistenceFilter@125bc00d, org.springframework.security.web.header.HeaderWriterFilter@541d8a9e, org.springframework.security.web.authentication.logout.LogoutFilter@f28ee19, spring.jwt.JwtAuthenticationFilter@615b1baf, org.springframework.security.web.savedrequest.RequestCacheAwareFilter@59bf79f3, org.springframework.security.web.servletapi.SecurityContextHolderAwareRequestFilter@37e15055, org.springframework.security.web.authentication.AnonymousAuthenticationFilter@78e386a5, org.springframework.security.web.session.SessionManagementFilter@445d4517, org.springframework.security.web.access.ExceptionTranslationFilter@5276330a]
2020-03-16 14:30:07.071  WARN 8613 --- [main] c.n.c.sources.URLConfigurationSource     : No URLs will be polled as dynamic configuration sources.
2020-03-16 14:30:07.071  INFO 8613 --- [main] c.n.c.sources.URLConfigurationSource     : To enable URLs as dynamic configuration sources, define System property archaius.configurationSource.additionalUrls or make config.properties available on classpath.
2020-03-16 14:30:07.494  INFO 8613 --- [main] o.s.c.n.zuul.ZuulFilterInitializer       : Starting filter initializer
2020-03-16 14:30:07.498  INFO 8613 --- [main] o.s.b.a.e.web.EndpointLinksResolver      : Exposing 21 endpoint(s) beneath base path '/actuator'
2020-03-16 14:30:07.803  INFO 8613 --- [main] o.s.b.w.embedded.tomcat.TomcatWebServer  : Tomcat started on port(s): 7070 (https) with context path ''
2020-03-16 14:30:07.871  INFO 8613 --- [main] spring.IdentityApplication               : Started IdentityApplication in 5.546 seconds (JVM running for 5.862)
2020-03-16 14:30:24.012  INFO 8613 --- [https-jsse-nio-7070-exec-6] o.a.c.c.C.[Tomcat].[localhost].[/]       : Initializing Spring DispatcherServlet 'dispatcherServlet'
2020-03-16 14:30:24.012  INFO 8613 --- [https-jsse-nio-7070-exec-6] o.s.web.servlet.DispatcherServlet        : Initializing Servlet 'dispatcherServlet'
2020-03-16 14:30:24.019  INFO 8613 --- [https-jsse-nio-7070-exec-6] o.s.web.servlet.DispatcherServlet        : Completed initialization in 7 ms
2020-03-16 15:17:03.718  INFO 8613 --- [SpringContextShutdownHook] o.s.c.n.zuul.ZuulFilterInitializer       : Stopping filter initializer
2020-03-16 15:17:03.754  INFO 8613 --- [SpringContextShutdownHook] j.LocalContainerEntityManagerFactoryBean : Closing JPA EntityManagerFactory for persistence unit 'default'
2020-03-16 15:17:03.758  INFO 8613 --- [SpringContextShutdownHook] com.zaxxer.hikari.HikariDataSource       : HikariPool-1 - Shutdown initiated...
2020-03-16 15:17:03.768  INFO 8613 --- [SpringContextShutdownHook] com.zaxxer.hikari.HikariDataSource       : HikariPool-1 - Shutdown completed.
2020-03-16 15:17:06.589  INFO 24097 --- [main] spring.IdentityApplication               : The following profiles are active: native
2020-03-16 15:17:07.222  INFO 24097 --- [main] .s.d.r.c.RepositoryConfigurationDelegate : Bootstrapping Spring Data JPA repositories in DEFAULT mode.
2020-03-16 15:17:07.282  INFO 24097 --- [main] .s.d.r.c.RepositoryConfigurationDelegate : Finished Spring Data repository scanning in 53ms. Found 3 JPA repository interfaces.
2020-03-16 15:17:07.374  WARN 24097 --- [main] o.s.boot.actuate.endpoint.EndpointId     : Endpoint ID 'hystrix.stream' contains invalid characters, please migrate to a valid format.
2020-03-16 15:17:07.490  INFO 24097 --- [main] o.s.cloud.context.scope.GenericScope     : BeanFactory id=30e2b6c6-c448-3752-832d-c3451c4d9d0a
2020-03-16 15:17:07.644  INFO 24097 --- [main] trationDelegate$BeanPostProcessorChecker : Bean 'org.springframework.transaction.annotation.ProxyTransactionManagementConfiguration' of type [org.springframework.transaction.annotation.ProxyTransactionManagementConfiguration] is not eligible for getting processed by all BeanPostProcessors (for example: not eligible for auto-proxying)
2020-03-16 15:17:07.939  INFO 24097 --- [main] o.s.b.w.embedded.tomcat.TomcatWebServer  : Tomcat initialized with port(s): 7070 (https)
2020-03-16 15:17:07.955  INFO 24097 --- [main] o.apache.catalina.core.StandardService   : Starting service [Tomcat]
2020-03-16 15:17:07.955  INFO 24097 --- [main] org.apache.catalina.core.StandardEngine  : Starting Servlet engine: [Apache Tomcat/9.0.30]
2020-03-16 15:17:08.063  INFO 24097 --- [main] o.a.c.c.C.[Tomcat].[localhost].[/]       : Initializing Spring embedded WebApplicationContext
2020-03-16 15:17:08.063  INFO 24097 --- [main] o.s.web.context.ContextLoader            : Root WebApplicationContext: initialization completed in 1458 ms
2020-03-16 15:17:08.151  WARN 24097 --- [main] c.n.c.sources.URLConfigurationSource     : No URLs will be polled as dynamic configuration sources.
2020-03-16 15:17:08.151  INFO 24097 --- [main] c.n.c.sources.URLConfigurationSource     : To enable URLs as dynamic configuration sources, define System property archaius.configurationSource.additionalUrls or make config.properties available on classpath.
2020-03-16 15:17:08.160  INFO 24097 --- [main] c.netflix.config.DynamicPropertyFactory  : DynamicPropertyFactory is initialized with configuration sources: com.netflix.config.ConcurrentCompositeConfiguration@60b616c8
2020-03-16 15:17:08.209  WARN 24097 --- [main] JpaBaseConfiguration$JpaWebConfiguration : spring.jpa.open-in-view is enabled by default. Therefore, database queries may be performed during view rendering. Explicitly configure spring.jpa.open-in-view to disable this warning
2020-03-16 15:17:08.343  INFO 24097 --- [main] o.hibernate.jpa.internal.util.LogHelper  : HHH000204: Processing PersistenceUnitInfo [name: default]
2020-03-16 15:17:08.388  INFO 24097 --- [main] org.hibernate.Version                    : HHH000412: Hibernate Core {5.4.10.Final}
2020-03-16 15:17:08.480  INFO 24097 --- [main] o.hibernate.annotations.common.Version   : HCANN000001: Hibernate Commons Annotations {5.1.0.Final}
2020-03-16 15:17:08.593  INFO 24097 --- [main] com.zaxxer.hikari.HikariDataSource       : HikariPool-1 - Starting...
2020-03-16 15:17:08.777  INFO 24097 --- [main] com.zaxxer.hikari.HikariDataSource       : HikariPool-1 - Start completed.
2020-03-16 15:17:08.794  INFO 24097 --- [main] org.hibernate.dialect.Dialect            : HHH000400: Using dialect: org.hibernate.dialect.PostgreSQL10Dialect
2020-03-16 15:17:09.316  INFO 24097 --- [main] o.h.e.t.j.p.i.JtaPlatformInitiator       : HHH000490: Using JtaPlatform implementation: [org.hibernate.engine.transaction.jta.platform.internal.NoJtaPlatform]
2020-03-16 15:17:09.320  INFO 24097 --- [main] j.LocalContainerEntityManagerFactoryBean : Initialized JPA EntityManagerFactory for persistence unit 'default'
2020-03-16 15:17:10.268  INFO 24097 --- [main] o.s.b.a.e.web.ServletEndpointRegistrar   : Registered '/actuator/hystrix.stream' to hystrix.stream-actuator-endpoint
2020-03-16 15:17:10.643  INFO 24097 --- [main] o.s.s.web.DefaultSecurityFilterChain     : Creating filter chain: any request, [org.springframework.security.web.context.request.async.WebAsyncManagerIntegrationFilter@f28ee19, org.springframework.security.web.context.SecurityContextPersistenceFilter@25131637, org.springframework.security.web.header.HeaderWriterFilter@29ec5005, org.springframework.security.web.authentication.logout.LogoutFilter@adb15df, spring.jwt.JwtAuthenticationFilter@1dbb9a4a, org.springframework.security.web.savedrequest.RequestCacheAwareFilter@6cf34b88, org.springframework.security.web.servletapi.SecurityContextHolderAwareRequestFilter@4c663fda, org.springframework.security.web.authentication.AnonymousAuthenticationFilter@7c07deff, org.springframework.security.web.session.SessionManagementFilter@33f059ad, org.springframework.security.web.access.ExceptionTranslationFilter@5e2ab1c]
2020-03-16 15:17:10.792  WARN 24097 --- [main] c.n.c.sources.URLConfigurationSource     : No URLs will be polled as dynamic configuration sources.
2020-03-16 15:17:10.792  INFO 24097 --- [main] c.n.c.sources.URLConfigurationSource     : To enable URLs as dynamic configuration sources, define System property archaius.configurationSource.additionalUrls or make config.properties available on classpath.
2020-03-16 15:17:11.224  INFO 24097 --- [main] o.s.c.n.zuul.ZuulFilterInitializer       : Starting filter initializer
2020-03-16 15:17:11.227  INFO 24097 --- [main] o.s.b.a.e.web.EndpointLinksResolver      : Exposing 21 endpoint(s) beneath base path '/actuator'
2020-03-16 15:17:11.583  INFO 24097 --- [main] o.s.b.w.embedded.tomcat.TomcatWebServer  : Tomcat started on port(s): 7070 (https) with context path ''
2020-03-16 15:17:11.645  INFO 24097 --- [main] spring.IdentityApplication               : Started IdentityApplication in 5.799 seconds (JVM running for 6.116)
2020-03-16 15:17:22.089  INFO 24097 --- [https-jsse-nio-7070-exec-6] o.a.c.c.C.[Tomcat].[localhost].[/]       : Initializing Spring DispatcherServlet 'dispatcherServlet'
2020-03-16 15:17:22.090  INFO 24097 --- [https-jsse-nio-7070-exec-6] o.s.web.servlet.DispatcherServlet        : Initializing Servlet 'dispatcherServlet'
2020-03-16 15:17:22.095  INFO 24097 --- [https-jsse-nio-7070-exec-6] o.s.web.servlet.DispatcherServlet        : Completed initialization in 5 ms
2020-03-16 15:57:52.955  INFO 4735 --- [main] spring.IdentityApplication               : The following profiles are active: native
2020-03-16 15:57:53.603  INFO 4735 --- [main] .s.d.r.c.RepositoryConfigurationDelegate : Bootstrapping Spring Data JPA repositories in DEFAULT mode.
2020-03-16 15:57:53.664  INFO 4735 --- [main] .s.d.r.c.RepositoryConfigurationDelegate : Finished Spring Data repository scanning in 55ms. Found 3 JPA repository interfaces.
2020-03-16 15:57:53.760  WARN 4735 --- [main] o.s.boot.actuate.endpoint.EndpointId     : Endpoint ID 'hystrix.stream' contains invalid characters, please migrate to a valid format.
2020-03-16 15:57:53.880  INFO 4735 --- [main] o.s.cloud.context.scope.GenericScope     : BeanFactory id=1b02fe2c-2fdf-3ef7-a0cd-9dfaf22ec903
2020-03-16 15:57:54.028  INFO 4735 --- [main] trationDelegate$BeanPostProcessorChecker : Bean 'org.springframework.transaction.annotation.ProxyTransactionManagementConfiguration' of type [org.springframework.transaction.annotation.ProxyTransactionManagementConfiguration] is not eligible for getting processed by all BeanPostProcessors (for example: not eligible for auto-proxying)
2020-03-16 15:57:54.320  INFO 4735 --- [main] o.s.b.w.embedded.tomcat.TomcatWebServer  : Tomcat initialized with port(s): 7070 (https)
2020-03-16 15:57:54.350  INFO 4735 --- [main] o.apache.catalina.core.StandardService   : Starting service [Tomcat]
2020-03-16 15:57:54.351  INFO 4735 --- [main] org.apache.catalina.core.StandardEngine  : Starting Servlet engine: [Apache Tomcat/9.0.30]
2020-03-16 15:57:54.444  INFO 4735 --- [main] o.a.c.c.C.[Tomcat].[localhost].[/]       : Initializing Spring embedded WebApplicationContext
2020-03-16 15:57:54.445  INFO 4735 --- [main] o.s.web.context.ContextLoader            : Root WebApplicationContext: initialization completed in 1474 ms
2020-03-16 15:57:54.532  WARN 4735 --- [main] c.n.c.sources.URLConfigurationSource     : No URLs will be polled as dynamic configuration sources.
2020-03-16 15:57:54.532  INFO 4735 --- [main] c.n.c.sources.URLConfigurationSource     : To enable URLs as dynamic configuration sources, define System property archaius.configurationSource.additionalUrls or make config.properties available on classpath.
2020-03-16 15:57:54.542  INFO 4735 --- [main] c.netflix.config.DynamicPropertyFactory  : DynamicPropertyFactory is initialized with configuration sources: com.netflix.config.ConcurrentCompositeConfiguration@5980fa73
2020-03-16 15:57:54.591  WARN 4735 --- [main] JpaBaseConfiguration$JpaWebConfiguration : spring.jpa.open-in-view is enabled by default. Therefore, database queries may be performed during view rendering. Explicitly configure spring.jpa.open-in-view to disable this warning
2020-03-16 15:57:54.721  INFO 4735 --- [main] o.hibernate.jpa.internal.util.LogHelper  : HHH000204: Processing PersistenceUnitInfo [name: default]
2020-03-16 15:57:54.763  INFO 4735 --- [main] org.hibernate.Version                    : HHH000412: Hibernate Core {5.4.10.Final}
2020-03-16 15:57:54.851  INFO 4735 --- [main] o.hibernate.annotations.common.Version   : HCANN000001: Hibernate Commons Annotations {5.1.0.Final}
2020-03-16 15:57:54.956  INFO 4735 --- [main] com.zaxxer.hikari.HikariDataSource       : HikariPool-1 - Starting...
2020-03-16 15:57:55.130  INFO 4735 --- [main] com.zaxxer.hikari.HikariDataSource       : HikariPool-1 - Start completed.
2020-03-16 15:57:55.147  INFO 4735 --- [main] org.hibernate.dialect.Dialect            : HHH000400: Using dialect: org.hibernate.dialect.PostgreSQL10Dialect
2020-03-16 15:57:55.697  INFO 4735 --- [main] o.h.e.t.j.p.i.JtaPlatformInitiator       : HHH000490: Using JtaPlatform implementation: [org.hibernate.engine.transaction.jta.platform.internal.NoJtaPlatform]
2020-03-16 15:57:55.701  INFO 4735 --- [main] j.LocalContainerEntityManagerFactoryBean : Initialized JPA EntityManagerFactory for persistence unit 'default'
2020-03-16 15:57:56.548  INFO 4735 --- [main] o.s.b.a.e.web.ServletEndpointRegistrar   : Registered '/actuator/hystrix.stream' to hystrix.stream-actuator-endpoint
2020-03-16 15:57:56.895  INFO 4735 --- [main] o.s.s.web.DefaultSecurityFilterChain     : Creating filter chain: any request, [org.springframework.security.web.context.request.async.WebAsyncManagerIntegrationFilter@7893b8c, org.springframework.security.web.context.SecurityContextPersistenceFilter@71852f76, org.springframework.security.web.header.HeaderWriterFilter@498bfeec, org.springframework.security.web.authentication.logout.LogoutFilter@6f8281e6, spring.jwt.JwtAuthenticationFilter@772589ed, org.springframework.security.web.savedrequest.RequestCacheAwareFilter@7d44e3c7, org.springframework.security.web.servletapi.SecurityContextHolderAwareRequestFilter@384b718c, org.springframework.security.web.authentication.AnonymousAuthenticationFilter@45398bb0, org.springframework.security.web.session.SessionManagementFilter@19993ed, org.springframework.security.web.access.ExceptionTranslationFilter@6f28a07e]
2020-03-16 15:57:57.037  WARN 4735 --- [main] c.n.c.sources.URLConfigurationSource     : No URLs will be polled as dynamic configuration sources.
2020-03-16 15:57:57.038  INFO 4735 --- [main] c.n.c.sources.URLConfigurationSource     : To enable URLs as dynamic configuration sources, define System property archaius.configurationSource.additionalUrls or make config.properties available on classpath.
2020-03-16 15:57:57.435  INFO 4735 --- [main] o.s.c.n.zuul.ZuulFilterInitializer       : Starting filter initializer
2020-03-16 15:57:57.438  INFO 4735 --- [main] o.s.b.a.e.web.EndpointLinksResolver      : Exposing 21 endpoint(s) beneath base path '/actuator'
2020-03-16 15:57:57.487  INFO 4735 --- [main] o.apache.catalina.core.StandardService   : Stopping service [Tomcat]
2020-03-16 15:57:57.489  WARN 4735 --- [main] o.a.c.loader.WebappClassLoaderBase       : The web application [ROOT] appears to have started a thread named [HikariPool-1 housekeeper] but has failed to stop it. This is very likely to create a memory leak. Stack trace of thread:
 java.base@11.0.6/jdk.internal.misc.Unsafe.park(Native Method)
 java.base@11.0.6/java.util.concurrent.locks.LockSupport.parkNanos(LockSupport.java:234)
 java.base@11.0.6/java.util.concurrent.locks.AbstractQueuedSynchronizer$ConditionObject.awaitNanos(AbstractQueuedSynchronizer.java:2123)
 java.base@11.0.6/java.util.concurrent.ScheduledThreadPoolExecutor$DelayedWorkQueue.take(ScheduledThreadPoolExecutor.java:1182)
 java.base@11.0.6/java.util.concurrent.ScheduledThreadPoolExecutor$DelayedWorkQueue.take(ScheduledThreadPoolExecutor.java:899)
 java.base@11.0.6/java.util.concurrent.ThreadPoolExecutor.getTask(ThreadPoolExecutor.java:1054)
 java.base@11.0.6/java.util.concurrent.ThreadPoolExecutor.runWorker(ThreadPoolExecutor.java:1114)
 java.base@11.0.6/java.util.concurrent.ThreadPoolExecutor$Worker.run(ThreadPoolExecutor.java:628)
 java.base@11.0.6/java.lang.Thread.run(Thread.java:834)
2020-03-16 15:57:57.500  WARN 4735 --- [main] o.a.c.loader.WebappClassLoaderBase       : The web application [ROOT] appears to have started a thread named [HikariPool-1 connection adder] but has failed to stop it. This is very likely to create a memory leak. Stack trace of thread:
 java.base@11.0.6/jdk.internal.misc.Unsafe.park(Native Method)
 java.base@11.0.6/java.util.concurrent.locks.LockSupport.parkNanos(LockSupport.java:234)
 java.base@11.0.6/java.util.concurrent.locks.AbstractQueuedSynchronizer$ConditionObject.awaitNanos(AbstractQueuedSynchronizer.java:2123)
 java.base@11.0.6/java.util.concurrent.LinkedBlockingQueue.poll(LinkedBlockingQueue.java:458)
 java.base@11.0.6/java.util.concurrent.ThreadPoolExecutor.getTask(ThreadPoolExecutor.java:1053)
 java.base@11.0.6/java.util.concurrent.ThreadPoolExecutor.runWorker(ThreadPoolExecutor.java:1114)
 java.base@11.0.6/java.util.concurrent.ThreadPoolExecutor$Worker.run(ThreadPoolExecutor.java:628)
 java.base@11.0.6/java.lang.Thread.run(Thread.java:834)
2020-03-16 15:57:57.501  WARN 4735 --- [main] o.a.c.loader.WebappClassLoaderBase       : The web application [ROOT] appears to have started a thread named [spring.cloud.inetutils] but has failed to stop it. This is very likely to create a memory leak. Stack trace of thread:
 java.base@11.0.6/jdk.internal.misc.Unsafe.park(Native Method)
 java.base@11.0.6/java.util.concurrent.locks.LockSupport.park(LockSupport.java:194)
 java.base@11.0.6/java.util.concurrent.locks.AbstractQueuedSynchronizer$ConditionObject.await(AbstractQueuedSynchronizer.java:2081)
 java.base@11.0.6/java.util.concurrent.LinkedBlockingQueue.take(LinkedBlockingQueue.java:433)
 java.base@11.0.6/java.util.concurrent.ThreadPoolExecutor.getTask(ThreadPoolExecutor.java:1054)
 java.base@11.0.6/java.util.concurrent.ThreadPoolExecutor.runWorker(ThreadPoolExecutor.java:1114)
 java.base@11.0.6/java.util.concurrent.ThreadPoolExecutor$Worker.run(ThreadPoolExecutor.java:628)
 java.base@11.0.6/java.lang.Thread.run(Thread.java:834)
2020-03-16 15:57:57.501  WARN 4735 --- [main] o.a.c.loader.WebappClassLoaderBase       : The web application [ROOT] appears to have started a thread named [RxIoScheduler-1 (Evictor)] but has failed to stop it. This is very likely to create a memory leak. Stack trace of thread:
 java.base@11.0.6/jdk.internal.misc.Unsafe.park(Native Method)
 java.base@11.0.6/java.util.concurrent.locks.LockSupport.parkNanos(LockSupport.java:234)
 java.base@11.0.6/java.util.concurrent.locks.AbstractQueuedSynchronizer$ConditionObject.awaitNanos(AbstractQueuedSynchronizer.java:2123)
 java.base@11.0.6/java.util.concurrent.ScheduledThreadPoolExecutor$DelayedWorkQueue.take(ScheduledThreadPoolExecutor.java:1182)
 java.base@11.0.6/java.util.concurrent.ScheduledThreadPoolExecutor$DelayedWorkQueue.take(ScheduledThreadPoolExecutor.java:899)
 java.base@11.0.6/java.util.concurrent.ThreadPoolExecutor.getTask(ThreadPoolExecutor.java:1054)
 java.base@11.0.6/java.util.concurrent.ThreadPoolExecutor.runWorker(ThreadPoolExecutor.java:1114)
 java.base@11.0.6/java.util.concurrent.ThreadPoolExecutor$Worker.run(ThreadPoolExecutor.java:628)
 java.base@11.0.6/java.lang.Thread.run(Thread.java:834)
2020-03-16 15:57:57.504  INFO 4735 --- [main] ConditionEvaluationReportLoggingListener : 

Error starting ApplicationContext. To display the conditions report re-run your application with 'debug' enabled.
2020-03-16 15:57:57.506  INFO 4735 --- [main] o.s.c.n.zuul.ZuulFilterInitializer       : Stopping filter initializer
2020-03-16 15:57:57.515  INFO 4735 --- [main] j.LocalContainerEntityManagerFactoryBean : Closing JPA EntityManagerFactory for persistence unit 'default'
2020-03-16 15:57:57.517  INFO 4735 --- [main] com.zaxxer.hikari.HikariDataSource       : HikariPool-1 - Shutdown initiated...
2020-03-16 15:57:57.538  INFO 4735 --- [main] com.zaxxer.hikari.HikariDataSource       : HikariPool-1 - Shutdown completed.
2020-03-16 15:57:57.540 ERROR 4735 --- [main] o.s.b.d.LoggingFailureAnalysisReporter   : 

***************************
APPLICATION FAILED TO START
***************************

Description:

Web server failed to start. Port 7070 was already in use.

Action:

Identify and stop the process that's listening on port 7070 or configure this application to listen on another port.

2020-03-16 15:58:38.860  WARN 24097 --- [https-jsse-nio-7070-exec-9] .w.s.m.s.DefaultHandlerExceptionResolver : Resolved [org.springframework.web.HttpRequestMethodNotSupportedException: Request method 'POST' not supported]
2020-03-16 15:58:50.407  INFO 5282 --- [main] spring.IdentityApplication               : The following profiles are active: native
2020-03-16 15:58:51.040  INFO 5282 --- [main] .s.d.r.c.RepositoryConfigurationDelegate : Bootstrapping Spring Data JPA repositories in DEFAULT mode.
2020-03-16 15:58:51.101  INFO 5282 --- [main] .s.d.r.c.RepositoryConfigurationDelegate : Finished Spring Data repository scanning in 56ms. Found 3 JPA repository interfaces.
2020-03-16 15:58:51.197  WARN 5282 --- [main] o.s.boot.actuate.endpoint.EndpointId     : Endpoint ID 'hystrix.stream' contains invalid characters, please migrate to a valid format.
2020-03-16 15:58:51.324  INFO 5282 --- [main] o.s.cloud.context.scope.GenericScope     : BeanFactory id=1b02fe2c-2fdf-3ef7-a0cd-9dfaf22ec903
2020-03-16 15:58:51.478  INFO 5282 --- [main] trationDelegate$BeanPostProcessorChecker : Bean 'org.springframework.transaction.annotation.ProxyTransactionManagementConfiguration' of type [org.springframework.transaction.annotation.ProxyTransactionManagementConfiguration] is not eligible for getting processed by all BeanPostProcessors (for example: not eligible for auto-proxying)
2020-03-16 15:58:51.786  INFO 5282 --- [main] o.s.b.w.embedded.tomcat.TomcatWebServer  : Tomcat initialized with port(s): 7070 (https)
2020-03-16 15:58:51.804  INFO 5282 --- [main] o.apache.catalina.core.StandardService   : Starting service [Tomcat]
2020-03-16 15:58:51.805  INFO 5282 --- [main] org.apache.catalina.core.StandardEngine  : Starting Servlet engine: [Apache Tomcat/9.0.30]
2020-03-16 15:58:51.910  INFO 5282 --- [main] o.a.c.c.C.[Tomcat].[localhost].[/]       : Initializing Spring embedded WebApplicationContext
2020-03-16 15:58:51.911  INFO 5282 --- [main] o.s.web.context.ContextLoader            : Root WebApplicationContext: initialization completed in 1489 ms
2020-03-16 15:58:51.998  WARN 5282 --- [main] c.n.c.sources.URLConfigurationSource     : No URLs will be polled as dynamic configuration sources.
2020-03-16 15:58:51.999  INFO 5282 --- [main] c.n.c.sources.URLConfigurationSource     : To enable URLs as dynamic configuration sources, define System property archaius.configurationSource.additionalUrls or make config.properties available on classpath.
2020-03-16 15:58:52.008  INFO 5282 --- [main] c.netflix.config.DynamicPropertyFactory  : DynamicPropertyFactory is initialized with configuration sources: com.netflix.config.ConcurrentCompositeConfiguration@3962ec84
2020-03-16 15:58:52.055  WARN 5282 --- [main] JpaBaseConfiguration$JpaWebConfiguration : spring.jpa.open-in-view is enabled by default. Therefore, database queries may be performed during view rendering. Explicitly configure spring.jpa.open-in-view to disable this warning
2020-03-16 15:58:52.186  INFO 5282 --- [main] o.hibernate.jpa.internal.util.LogHelper  : HHH000204: Processing PersistenceUnitInfo [name: default]
2020-03-16 15:58:52.227  INFO 5282 --- [main] org.hibernate.Version                    : HHH000412: Hibernate Core {5.4.10.Final}
2020-03-16 15:58:52.313  INFO 5282 --- [main] o.hibernate.annotations.common.Version   : HCANN000001: Hibernate Commons Annotations {5.1.0.Final}
2020-03-16 15:58:52.380  INFO 5282 --- [main] com.zaxxer.hikari.HikariDataSource       : HikariPool-1 - Starting...
2020-03-16 15:58:52.590  INFO 5282 --- [main] com.zaxxer.hikari.HikariDataSource       : HikariPool-1 - Start completed.
2020-03-16 15:58:52.607  INFO 5282 --- [main] org.hibernate.dialect.Dialect            : HHH000400: Using dialect: org.hibernate.dialect.PostgreSQL10Dialect
2020-03-16 15:58:53.118  INFO 5282 --- [main] o.h.e.t.j.p.i.JtaPlatformInitiator       : HHH000490: Using JtaPlatform implementation: [org.hibernate.engine.transaction.jta.platform.internal.NoJtaPlatform]
2020-03-16 15:58:53.123  INFO 5282 --- [main] j.LocalContainerEntityManagerFactoryBean : Initialized JPA EntityManagerFactory for persistence unit 'default'
2020-03-16 15:58:53.857  INFO 5282 --- [main] o.s.b.a.e.web.ServletEndpointRegistrar   : Registered '/actuator/hystrix.stream' to hystrix.stream-actuator-endpoint
2020-03-16 15:58:54.188  INFO 5282 --- [main] o.s.s.web.DefaultSecurityFilterChain     : Creating filter chain: any request, [org.springframework.security.web.context.request.async.WebAsyncManagerIntegrationFilter@498bfeec, org.springframework.security.web.context.SecurityContextPersistenceFilter@1ddf9fd, org.springframework.security.web.header.HeaderWriterFilter@5d7f4cbb, org.springframework.security.web.authentication.logout.LogoutFilter@78e386a5, spring.jwt.JwtAuthenticationFilter@70ebaa1e, org.springframework.security.web.savedrequest.RequestCacheAwareFilter@37e15055, org.springframework.security.web.servletapi.SecurityContextHolderAwareRequestFilter@9742012, org.springframework.security.web.authentication.AnonymousAuthenticationFilter@33490054, org.springframework.security.web.session.SessionManagementFilter@726882da, org.springframework.security.web.access.ExceptionTranslationFilter@6c7bc8ac]
2020-03-16 15:58:54.359  WARN 5282 --- [main] c.n.c.sources.URLConfigurationSource     : No URLs will be polled as dynamic configuration sources.
2020-03-16 15:58:54.359  INFO 5282 --- [main] c.n.c.sources.URLConfigurationSource     : To enable URLs as dynamic configuration sources, define System property archaius.configurationSource.additionalUrls or make config.properties available on classpath.
2020-03-16 15:58:54.798  INFO 5282 --- [main] o.s.c.n.zuul.ZuulFilterInitializer       : Starting filter initializer
2020-03-16 15:58:54.801  INFO 5282 --- [main] o.s.b.a.e.web.EndpointLinksResolver      : Exposing 21 endpoint(s) beneath base path '/actuator'
2020-03-16 15:58:54.850  INFO 5282 --- [main] o.apache.catalina.core.StandardService   : Stopping service [Tomcat]
2020-03-16 15:58:54.853  WARN 5282 --- [main] o.a.c.loader.WebappClassLoaderBase       : The web application [ROOT] appears to have started a thread named [HikariPool-1 housekeeper] but has failed to stop it. This is very likely to create a memory leak. Stack trace of thread:
 java.base@11.0.6/jdk.internal.misc.Unsafe.park(Native Method)
 java.base@11.0.6/java.util.concurrent.locks.LockSupport.parkNanos(LockSupport.java:234)
 java.base@11.0.6/java.util.concurrent.locks.AbstractQueuedSynchronizer$ConditionObject.awaitNanos(AbstractQueuedSynchronizer.java:2123)
 java.base@11.0.6/java.util.concurrent.ScheduledThreadPoolExecutor$DelayedWorkQueue.take(ScheduledThreadPoolExecutor.java:1182)
 java.base@11.0.6/java.util.concurrent.ScheduledThreadPoolExecutor$DelayedWorkQueue.take(ScheduledThreadPoolExecutor.java:899)
 java.base@11.0.6/java.util.concurrent.ThreadPoolExecutor.getTask(ThreadPoolExecutor.java:1054)
 java.base@11.0.6/java.util.concurrent.ThreadPoolExecutor.runWorker(ThreadPoolExecutor.java:1114)
 java.base@11.0.6/java.util.concurrent.ThreadPoolExecutor$Worker.run(ThreadPoolExecutor.java:628)
 java.base@11.0.6/java.lang.Thread.run(Thread.java:834)
2020-03-16 15:58:54.854  WARN 5282 --- [main] o.a.c.loader.WebappClassLoaderBase       : The web application [ROOT] appears to have started a thread named [HikariPool-1 connection adder] but has failed to stop it. This is very likely to create a memory leak. Stack trace of thread:
 java.base@11.0.6/jdk.internal.misc.Unsafe.park(Native Method)
 java.base@11.0.6/java.util.concurrent.locks.LockSupport.parkNanos(LockSupport.java:234)
 java.base@11.0.6/java.util.concurrent.locks.AbstractQueuedSynchronizer$ConditionObject.awaitNanos(AbstractQueuedSynchronizer.java:2123)
 java.base@11.0.6/java.util.concurrent.LinkedBlockingQueue.poll(LinkedBlockingQueue.java:458)
 java.base@11.0.6/java.util.concurrent.ThreadPoolExecutor.getTask(ThreadPoolExecutor.java:1053)
 java.base@11.0.6/java.util.concurrent.ThreadPoolExecutor.runWorker(ThreadPoolExecutor.java:1114)
 java.base@11.0.6/java.util.concurrent.ThreadPoolExecutor$Worker.run(ThreadPoolExecutor.java:628)
 java.base@11.0.6/java.lang.Thread.run(Thread.java:834)
2020-03-16 15:58:54.854  WARN 5282 --- [main] o.a.c.loader.WebappClassLoaderBase       : The web application [ROOT] appears to have started a thread named [spring.cloud.inetutils] but has failed to stop it. This is very likely to create a memory leak. Stack trace of thread:
 java.base@11.0.6/jdk.internal.misc.Unsafe.park(Native Method)
 java.base@11.0.6/java.util.concurrent.locks.LockSupport.park(LockSupport.java:194)
 java.base@11.0.6/java.util.concurrent.locks.AbstractQueuedSynchronizer$ConditionObject.await(AbstractQueuedSynchronizer.java:2081)
 java.base@11.0.6/java.util.concurrent.LinkedBlockingQueue.take(LinkedBlockingQueue.java:433)
 java.base@11.0.6/java.util.concurrent.ThreadPoolExecutor.getTask(ThreadPoolExecutor.java:1054)
 java.base@11.0.6/java.util.concurrent.ThreadPoolExecutor.runWorker(ThreadPoolExecutor.java:1114)
 java.base@11.0.6/java.util.concurrent.ThreadPoolExecutor$Worker.run(ThreadPoolExecutor.java:628)
 java.base@11.0.6/java.lang.Thread.run(Thread.java:834)
2020-03-16 15:58:54.854  WARN 5282 --- [main] o.a.c.loader.WebappClassLoaderBase       : The web application [ROOT] appears to have started a thread named [RxIoScheduler-1 (Evictor)] but has failed to stop it. This is very likely to create a memory leak. Stack trace of thread:
 java.base@11.0.6/jdk.internal.misc.Unsafe.park(Native Method)
 java.base@11.0.6/java.util.concurrent.locks.LockSupport.parkNanos(LockSupport.java:234)
 java.base@11.0.6/java.util.concurrent.locks.AbstractQueuedSynchronizer$ConditionObject.awaitNanos(AbstractQueuedSynchronizer.java:2123)
 java.base@11.0.6/java.util.concurrent.ScheduledThreadPoolExecutor$DelayedWorkQueue.take(ScheduledThreadPoolExecutor.java:1182)
 java.base@11.0.6/java.util.concurrent.ScheduledThreadPoolExecutor$DelayedWorkQueue.take(ScheduledThreadPoolExecutor.java:899)
 java.base@11.0.6/java.util.concurrent.ThreadPoolExecutor.getTask(ThreadPoolExecutor.java:1054)
 java.base@11.0.6/java.util.concurrent.ThreadPoolExecutor.runWorker(ThreadPoolExecutor.java:1114)
 java.base@11.0.6/java.util.concurrent.ThreadPoolExecutor$Worker.run(ThreadPoolExecutor.java:628)
 java.base@11.0.6/java.lang.Thread.run(Thread.java:834)
2020-03-16 15:58:54.857  INFO 5282 --- [main] ConditionEvaluationReportLoggingListener : 

Error starting ApplicationContext. To display the conditions report re-run your application with 'debug' enabled.
2020-03-16 15:58:54.859  INFO 5282 --- [main] o.s.c.n.zuul.ZuulFilterInitializer       : Stopping filter initializer
2020-03-16 15:58:54.868  INFO 5282 --- [main] j.LocalContainerEntityManagerFactoryBean : Closing JPA EntityManagerFactory for persistence unit 'default'
2020-03-16 15:58:54.870  INFO 5282 --- [main] com.zaxxer.hikari.HikariDataSource       : HikariPool-1 - Shutdown initiated...
2020-03-16 15:58:54.885  INFO 5282 --- [main] com.zaxxer.hikari.HikariDataSource       : HikariPool-1 - Shutdown completed.
2020-03-16 15:58:54.887 ERROR 5282 --- [main] o.s.b.d.LoggingFailureAnalysisReporter   : 

***************************
APPLICATION FAILED TO START
***************************

Description:

Web server failed to start. Port 7070 was already in use.

Action:

Identify and stop the process that's listening on port 7070 or configure this application to listen on another port.

2020-03-16 15:59:11.469  INFO 5478 --- [main] spring.IdentityApplication               : The following profiles are active: native
2020-03-16 15:59:12.182  INFO 5478 --- [main] .s.d.r.c.RepositoryConfigurationDelegate : Bootstrapping Spring Data JPA repositories in DEFAULT mode.
2020-03-16 15:59:12.243  INFO 5478 --- [main] .s.d.r.c.RepositoryConfigurationDelegate : Finished Spring Data repository scanning in 54ms. Found 3 JPA repository interfaces.
2020-03-16 15:59:12.335  WARN 5478 --- [main] o.s.boot.actuate.endpoint.EndpointId     : Endpoint ID 'hystrix.stream' contains invalid characters, please migrate to a valid format.
2020-03-16 15:59:12.458  INFO 5478 --- [main] o.s.cloud.context.scope.GenericScope     : BeanFactory id=1b02fe2c-2fdf-3ef7-a0cd-9dfaf22ec903
2020-03-16 15:59:12.615  INFO 5478 --- [main] trationDelegate$BeanPostProcessorChecker : Bean 'org.springframework.transaction.annotation.ProxyTransactionManagementConfiguration' of type [org.springframework.transaction.annotation.ProxyTransactionManagementConfiguration] is not eligible for getting processed by all BeanPostProcessors (for example: not eligible for auto-proxying)
2020-03-16 15:59:12.929  INFO 5478 --- [main] o.s.b.w.embedded.tomcat.TomcatWebServer  : Tomcat initialized with port(s): 7070 (https)
2020-03-16 15:59:12.946  INFO 5478 --- [main] o.apache.catalina.core.StandardService   : Starting service [Tomcat]
2020-03-16 15:59:12.947  INFO 5478 --- [main] org.apache.catalina.core.StandardEngine  : Starting Servlet engine: [Apache Tomcat/9.0.30]
2020-03-16 15:59:13.060  INFO 5478 --- [main] o.a.c.c.C.[Tomcat].[localhost].[/]       : Initializing Spring embedded WebApplicationContext
2020-03-16 15:59:13.060  INFO 5478 --- [main] o.s.web.context.ContextLoader            : Root WebApplicationContext: initialization completed in 1574 ms
2020-03-16 15:59:13.152  WARN 5478 --- [main] c.n.c.sources.URLConfigurationSource     : No URLs will be polled as dynamic configuration sources.
2020-03-16 15:59:13.152  INFO 5478 --- [main] c.n.c.sources.URLConfigurationSource     : To enable URLs as dynamic configuration sources, define System property archaius.configurationSource.additionalUrls or make config.properties available on classpath.
2020-03-16 15:59:13.161  INFO 5478 --- [main] c.netflix.config.DynamicPropertyFactory  : DynamicPropertyFactory is initialized with configuration sources: com.netflix.config.ConcurrentCompositeConfiguration@39f42d0e
2020-03-16 15:59:13.210  WARN 5478 --- [main] JpaBaseConfiguration$JpaWebConfiguration : spring.jpa.open-in-view is enabled by default. Therefore, database queries may be performed during view rendering. Explicitly configure spring.jpa.open-in-view to disable this warning
2020-03-16 15:59:13.335  INFO 5478 --- [main] o.hibernate.jpa.internal.util.LogHelper  : HHH000204: Processing PersistenceUnitInfo [name: default]
2020-03-16 15:59:13.379  INFO 5478 --- [main] org.hibernate.Version                    : HHH000412: Hibernate Core {5.4.10.Final}
2020-03-16 15:59:13.470  INFO 5478 --- [main] o.hibernate.annotations.common.Version   : HCANN000001: Hibernate Commons Annotations {5.1.0.Final}
2020-03-16 15:59:13.541  INFO 5478 --- [main] com.zaxxer.hikari.HikariDataSource       : HikariPool-1 - Starting...
2020-03-16 15:59:13.762  INFO 5478 --- [main] com.zaxxer.hikari.HikariDataSource       : HikariPool-1 - Start completed.
2020-03-16 15:59:13.779  INFO 5478 --- [main] org.hibernate.dialect.Dialect            : HHH000400: Using dialect: org.hibernate.dialect.PostgreSQL10Dialect
2020-03-16 15:59:14.304  INFO 5478 --- [main] o.h.e.t.j.p.i.JtaPlatformInitiator       : HHH000490: Using JtaPlatform implementation: [org.hibernate.engine.transaction.jta.platform.internal.NoJtaPlatform]
2020-03-16 15:59:14.309  INFO 5478 --- [main] j.LocalContainerEntityManagerFactoryBean : Initialized JPA EntityManagerFactory for persistence unit 'default'
2020-03-16 15:59:15.083  INFO 5478 --- [main] o.s.b.a.e.web.ServletEndpointRegistrar   : Registered '/actuator/hystrix.stream' to hystrix.stream-actuator-endpoint
2020-03-16 15:59:15.418  INFO 5478 --- [main] o.s.s.web.DefaultSecurityFilterChain     : Creating filter chain: any request, [org.springframework.security.web.context.request.async.WebAsyncManagerIntegrationFilter@384b718c, org.springframework.security.web.context.SecurityContextPersistenceFilter@4f378d7e, org.springframework.security.web.header.HeaderWriterFilter@9742012, org.springframework.security.web.authentication.logout.LogoutFilter@47e89fed, spring.jwt.JwtAuthenticationFilter@3d8512e9, org.springframework.security.web.savedrequest.RequestCacheAwareFilter@12922d53, org.springframework.security.web.servletapi.SecurityContextHolderAwareRequestFilter@35c69e6b, org.springframework.security.web.authentication.AnonymousAuthenticationFilter@68b4e7b5, org.springframework.security.web.session.SessionManagementFilter@5c7876e1, org.springframework.security.web.access.ExceptionTranslationFilter@40cd02fc]
2020-03-16 15:59:15.603  WARN 5478 --- [main] c.n.c.sources.URLConfigurationSource     : No URLs will be polled as dynamic configuration sources.
2020-03-16 15:59:15.603  INFO 5478 --- [main] c.n.c.sources.URLConfigurationSource     : To enable URLs as dynamic configuration sources, define System property archaius.configurationSource.additionalUrls or make config.properties available on classpath.
2020-03-16 15:59:16.019  INFO 5478 --- [main] o.s.c.n.zuul.ZuulFilterInitializer       : Starting filter initializer
2020-03-16 15:59:16.023  INFO 5478 --- [main] o.s.b.a.e.web.EndpointLinksResolver      : Exposing 21 endpoint(s) beneath base path '/actuator'
2020-03-16 15:59:16.292  INFO 5478 --- [main] o.s.b.w.embedded.tomcat.TomcatWebServer  : Tomcat started on port(s): 7070 (https) with context path ''
2020-03-16 15:59:16.349  INFO 5478 --- [main] spring.IdentityApplication               : Started IdentityApplication in 5.665 seconds (JVM running for 5.973)
2020-03-16 15:59:22.648  INFO 5478 --- [https-jsse-nio-7070-exec-6] o.a.c.c.C.[Tomcat].[localhost].[/]       : Initializing Spring DispatcherServlet 'dispatcherServlet'
2020-03-16 15:59:22.649  INFO 5478 --- [https-jsse-nio-7070-exec-6] o.s.web.servlet.DispatcherServlet        : Initializing Servlet 'dispatcherServlet'
2020-03-16 15:59:22.658  INFO 5478 --- [https-jsse-nio-7070-exec-6] o.s.web.servlet.DispatcherServlet        : Completed initialization in 9 ms
2020-03-16 16:01:47.033  INFO 5478 --- [SpringContextShutdownHook] o.s.c.n.zuul.ZuulFilterInitializer       : Stopping filter initializer
2020-03-16 16:01:47.067  INFO 5478 --- [SpringContextShutdownHook] j.LocalContainerEntityManagerFactoryBean : Closing JPA EntityManagerFactory for persistence unit 'default'
2020-03-16 16:01:47.072  INFO 5478 --- [SpringContextShutdownHook] com.zaxxer.hikari.HikariDataSource       : HikariPool-1 - Shutdown initiated...
2020-03-16 16:01:47.094  INFO 5478 --- [SpringContextShutdownHook] com.zaxxer.hikari.HikariDataSource       : HikariPool-1 - Shutdown completed.
2020-03-16 16:01:50.777  INFO 6967 --- [main] spring.IdentityApplication               : The following profiles are active: native
2020-03-16 16:01:51.445  INFO 6967 --- [main] .s.d.r.c.RepositoryConfigurationDelegate : Bootstrapping Spring Data JPA repositories in DEFAULT mode.
2020-03-16 16:01:51.507  INFO 6967 --- [main] .s.d.r.c.RepositoryConfigurationDelegate : Finished Spring Data repository scanning in 55ms. Found 3 JPA repository interfaces.
2020-03-16 16:01:51.614  WARN 6967 --- [main] o.s.boot.actuate.endpoint.EndpointId     : Endpoint ID 'hystrix.stream' contains invalid characters, please migrate to a valid format.
2020-03-16 16:01:51.759  INFO 6967 --- [main] o.s.cloud.context.scope.GenericScope     : BeanFactory id=1b02fe2c-2fdf-3ef7-a0cd-9dfaf22ec903
2020-03-16 16:01:51.927  INFO 6967 --- [main] trationDelegate$BeanPostProcessorChecker : Bean 'org.springframework.transaction.annotation.ProxyTransactionManagementConfiguration' of type [org.springframework.transaction.annotation.ProxyTransactionManagementConfiguration] is not eligible for getting processed by all BeanPostProcessors (for example: not eligible for auto-proxying)
2020-03-16 16:01:52.219  INFO 6967 --- [main] o.s.b.w.embedded.tomcat.TomcatWebServer  : Tomcat initialized with port(s): 7070 (https)
2020-03-16 16:01:52.236  INFO 6967 --- [main] o.apache.catalina.core.StandardService   : Starting service [Tomcat]
2020-03-16 16:01:52.236  INFO 6967 --- [main] org.apache.catalina.core.StandardEngine  : Starting Servlet engine: [Apache Tomcat/9.0.30]
2020-03-16 16:01:52.330  INFO 6967 --- [main] o.a.c.c.C.[Tomcat].[localhost].[/]       : Initializing Spring embedded WebApplicationContext
2020-03-16 16:01:52.331  INFO 6967 --- [main] o.s.web.context.ContextLoader            : Root WebApplicationContext: initialization completed in 1538 ms
2020-03-16 16:01:52.420  WARN 6967 --- [main] c.n.c.sources.URLConfigurationSource     : No URLs will be polled as dynamic configuration sources.
2020-03-16 16:01:52.420  INFO 6967 --- [main] c.n.c.sources.URLConfigurationSource     : To enable URLs as dynamic configuration sources, define System property archaius.configurationSource.additionalUrls or make config.properties available on classpath.
2020-03-16 16:01:52.428  INFO 6967 --- [main] c.netflix.config.DynamicPropertyFactory  : DynamicPropertyFactory is initialized with configuration sources: com.netflix.config.ConcurrentCompositeConfiguration@56c0a61e
2020-03-16 16:01:52.477  WARN 6967 --- [main] JpaBaseConfiguration$JpaWebConfiguration : spring.jpa.open-in-view is enabled by default. Therefore, database queries may be performed during view rendering. Explicitly configure spring.jpa.open-in-view to disable this warning
2020-03-16 16:01:52.606  INFO 6967 --- [main] o.hibernate.jpa.internal.util.LogHelper  : HHH000204: Processing PersistenceUnitInfo [name: default]
2020-03-16 16:01:52.666  INFO 6967 --- [main] org.hibernate.Version                    : HHH000412: Hibernate Core {5.4.10.Final}
2020-03-16 16:01:52.755  INFO 6967 --- [main] o.hibernate.annotations.common.Version   : HCANN000001: Hibernate Commons Annotations {5.1.0.Final}
2020-03-16 16:01:52.845  INFO 6967 --- [main] com.zaxxer.hikari.HikariDataSource       : HikariPool-1 - Starting...
2020-03-16 16:01:53.020  INFO 6967 --- [main] com.zaxxer.hikari.HikariDataSource       : HikariPool-1 - Start completed.
2020-03-16 16:01:53.037  INFO 6967 --- [main] org.hibernate.dialect.Dialect            : HHH000400: Using dialect: org.hibernate.dialect.PostgreSQL10Dialect
2020-03-16 16:01:53.534  INFO 6967 --- [main] o.h.e.t.j.p.i.JtaPlatformInitiator       : HHH000490: Using JtaPlatform implementation: [org.hibernate.engine.transaction.jta.platform.internal.NoJtaPlatform]
2020-03-16 16:01:53.539  INFO 6967 --- [main] j.LocalContainerEntityManagerFactoryBean : Initialized JPA EntityManagerFactory for persistence unit 'default'
2020-03-16 16:01:54.411  INFO 6967 --- [main] o.s.b.a.e.web.ServletEndpointRegistrar   : Registered '/actuator/hystrix.stream' to hystrix.stream-actuator-endpoint
2020-03-16 16:01:54.806  INFO 6967 --- [main] o.s.s.web.DefaultSecurityFilterChain     : Creating filter chain: any request, [org.springframework.security.web.context.request.async.WebAsyncManagerIntegrationFilter@51c0346d, org.springframework.security.web.context.SecurityContextPersistenceFilter@6f404bc6, org.springframework.security.web.header.HeaderWriterFilter@47a72c32, org.springframework.security.web.authentication.logout.LogoutFilter@42ceb67f, spring.jwt.JwtAuthenticationFilter@5fa3df, org.springframework.security.web.savedrequest.RequestCacheAwareFilter@2f46bc25, org.springframework.security.web.servletapi.SecurityContextHolderAwareRequestFilter@7212d3df, org.springframework.security.web.authentication.AnonymousAuthenticationFilter@32cda33c, org.springframework.security.web.session.SessionManagementFilter@fcae085, org.springframework.security.web.access.ExceptionTranslationFilter@1c294a17]
2020-03-16 16:01:54.969  WARN 6967 --- [main] c.n.c.sources.URLConfigurationSource     : No URLs will be polled as dynamic configuration sources.
2020-03-16 16:01:54.970  INFO 6967 --- [main] c.n.c.sources.URLConfigurationSource     : To enable URLs as dynamic configuration sources, define System property archaius.configurationSource.additionalUrls or make config.properties available on classpath.
2020-03-16 16:01:55.387  INFO 6967 --- [main] o.s.c.n.zuul.ZuulFilterInitializer       : Starting filter initializer
2020-03-16 16:01:55.390  INFO 6967 --- [main] o.s.b.a.e.web.EndpointLinksResolver      : Exposing 21 endpoint(s) beneath base path '/actuator'
2020-03-16 16:01:55.747  INFO 6967 --- [main] o.s.b.w.embedded.tomcat.TomcatWebServer  : Tomcat started on port(s): 7070 (https) with context path ''
2020-03-16 16:01:55.803  INFO 6967 --- [main] spring.IdentityApplication               : Started IdentityApplication in 5.835 seconds (JVM running for 6.189)
2020-03-16 16:01:58.371  INFO 6967 --- [SpringContextShutdownHook] o.s.c.n.zuul.ZuulFilterInitializer       : Stopping filter initializer
2020-03-16 16:01:58.404  INFO 6967 --- [SpringContextShutdownHook] j.LocalContainerEntityManagerFactoryBean : Closing JPA EntityManagerFactory for persistence unit 'default'
2020-03-16 16:01:58.409  INFO 6967 --- [SpringContextShutdownHook] com.zaxxer.hikari.HikariDataSource       : HikariPool-1 - Shutdown initiated...
2020-03-16 16:01:58.427  INFO 6967 --- [SpringContextShutdownHook] com.zaxxer.hikari.HikariDataSource       : HikariPool-1 - Shutdown completed.
2020-03-16 16:02:00.358  INFO 7099 --- [main] spring.IdentityApplication               : The following profiles are active: native
2020-03-16 16:02:01.001  INFO 7099 --- [main] .s.d.r.c.RepositoryConfigurationDelegate : Bootstrapping Spring Data JPA repositories in DEFAULT mode.
2020-03-16 16:02:01.063  INFO 7099 --- [main] .s.d.r.c.RepositoryConfigurationDelegate : Finished Spring Data repository scanning in 56ms. Found 3 JPA repository interfaces.
2020-03-16 16:02:01.164  WARN 7099 --- [main] o.s.boot.actuate.endpoint.EndpointId     : Endpoint ID 'hystrix.stream' contains invalid characters, please migrate to a valid format.
2020-03-16 16:02:01.286  INFO 7099 --- [main] o.s.cloud.context.scope.GenericScope     : BeanFactory id=1b02fe2c-2fdf-3ef7-a0cd-9dfaf22ec903
2020-03-16 16:02:01.439  INFO 7099 --- [main] trationDelegate$BeanPostProcessorChecker : Bean 'org.springframework.transaction.annotation.ProxyTransactionManagementConfiguration' of type [org.springframework.transaction.annotation.ProxyTransactionManagementConfiguration] is not eligible for getting processed by all BeanPostProcessors (for example: not eligible for auto-proxying)
2020-03-16 16:02:01.726  INFO 7099 --- [main] o.s.b.w.embedded.tomcat.TomcatWebServer  : Tomcat initialized with port(s): 7070 (https)
2020-03-16 16:02:01.743  INFO 7099 --- [main] o.apache.catalina.core.StandardService   : Starting service [Tomcat]
2020-03-16 16:02:01.743  INFO 7099 --- [main] org.apache.catalina.core.StandardEngine  : Starting Servlet engine: [Apache Tomcat/9.0.30]
2020-03-16 16:02:01.842  INFO 7099 --- [main] o.a.c.c.C.[Tomcat].[localhost].[/]       : Initializing Spring embedded WebApplicationContext
2020-03-16 16:02:01.842  INFO 7099 --- [main] o.s.web.context.ContextLoader            : Root WebApplicationContext: initialization completed in 1469 ms
2020-03-16 16:02:01.937  WARN 7099 --- [main] c.n.c.sources.URLConfigurationSource     : No URLs will be polled as dynamic configuration sources.
2020-03-16 16:02:01.938  INFO 7099 --- [main] c.n.c.sources.URLConfigurationSource     : To enable URLs as dynamic configuration sources, define System property archaius.configurationSource.additionalUrls or make config.properties available on classpath.
2020-03-16 16:02:01.947  INFO 7099 --- [main] c.netflix.config.DynamicPropertyFactory  : DynamicPropertyFactory is initialized with configuration sources: com.netflix.config.ConcurrentCompositeConfiguration@660b1a9d
2020-03-16 16:02:02.019  WARN 7099 --- [main] JpaBaseConfiguration$JpaWebConfiguration : spring.jpa.open-in-view is enabled by default. Therefore, database queries may be performed during view rendering. Explicitly configure spring.jpa.open-in-view to disable this warning
2020-03-16 16:02:02.147  INFO 7099 --- [main] o.hibernate.jpa.internal.util.LogHelper  : HHH000204: Processing PersistenceUnitInfo [name: default]
2020-03-16 16:02:02.190  INFO 7099 --- [main] org.hibernate.Version                    : HHH000412: Hibernate Core {5.4.10.Final}
2020-03-16 16:02:02.279  INFO 7099 --- [main] o.hibernate.annotations.common.Version   : HCANN000001: Hibernate Commons Annotations {5.1.0.Final}
2020-03-16 16:02:02.351  INFO 7099 --- [main] com.zaxxer.hikari.HikariDataSource       : HikariPool-1 - Starting...
2020-03-16 16:02:02.571  INFO 7099 --- [main] com.zaxxer.hikari.HikariDataSource       : HikariPool-1 - Start completed.
2020-03-16 16:02:02.588  INFO 7099 --- [main] org.hibernate.dialect.Dialect            : HHH000400: Using dialect: org.hibernate.dialect.PostgreSQL10Dialect
2020-03-16 16:02:03.129  INFO 7099 --- [main] o.h.e.t.j.p.i.JtaPlatformInitiator       : HHH000490: Using JtaPlatform implementation: [org.hibernate.engine.transaction.jta.platform.internal.NoJtaPlatform]
2020-03-16 16:02:03.134  INFO 7099 --- [main] j.LocalContainerEntityManagerFactoryBean : Initialized JPA EntityManagerFactory for persistence unit 'default'
2020-03-16 16:02:03.891  INFO 7099 --- [main] o.s.b.a.e.web.ServletEndpointRegistrar   : Registered '/actuator/hystrix.stream' to hystrix.stream-actuator-endpoint
2020-03-16 16:02:04.219  INFO 7099 --- [main] o.s.s.web.DefaultSecurityFilterChain     : Creating filter chain: any request, [org.springframework.security.web.context.request.async.WebAsyncManagerIntegrationFilter@76ac8c3d, org.springframework.security.web.context.SecurityContextPersistenceFilter@65374526, org.springframework.security.web.header.HeaderWriterFilter@2802caa2, org.springframework.security.web.authentication.logout.LogoutFilter@66ca8882, spring.jwt.JwtAuthenticationFilter@349686e8, org.springframework.security.web.savedrequest.RequestCacheAwareFilter@2edc6690, org.springframework.security.web.servletapi.SecurityContextHolderAwareRequestFilter@49467fc6, org.springframework.security.web.authentication.AnonymousAuthenticationFilter@6b5c4b75, org.springframework.security.web.session.SessionManagementFilter@f28ee19, org.springframework.security.web.access.ExceptionTranslationFilter@7a59780b]
2020-03-16 16:02:04.360  WARN 7099 --- [main] c.n.c.sources.URLConfigurationSource     : No URLs will be polled as dynamic configuration sources.
2020-03-16 16:02:04.360  INFO 7099 --- [main] c.n.c.sources.URLConfigurationSource     : To enable URLs as dynamic configuration sources, define System property archaius.configurationSource.additionalUrls or make config.properties available on classpath.
2020-03-16 16:02:04.762  INFO 7099 --- [main] o.s.c.n.zuul.ZuulFilterInitializer       : Starting filter initializer
2020-03-16 16:02:04.766  INFO 7099 --- [main] o.s.b.a.e.web.EndpointLinksResolver      : Exposing 21 endpoint(s) beneath base path '/actuator'
2020-03-16 16:02:05.085  INFO 7099 --- [main] o.s.b.w.embedded.tomcat.TomcatWebServer  : Tomcat started on port(s): 7070 (https) with context path ''
2020-03-16 16:02:05.140  INFO 7099 --- [main] spring.IdentityApplication               : Started IdentityApplication in 5.523 seconds (JVM running for 5.843)
2020-03-16 16:02:12.271  INFO 7099 --- [https-jsse-nio-7070-exec-6] o.a.c.c.C.[Tomcat].[localhost].[/]       : Initializing Spring DispatcherServlet 'dispatcherServlet'
2020-03-16 16:02:12.271  INFO 7099 --- [https-jsse-nio-7070-exec-6] o.s.web.servlet.DispatcherServlet        : Initializing Servlet 'dispatcherServlet'
2020-03-16 16:02:12.277  INFO 7099 --- [https-jsse-nio-7070-exec-6] o.s.web.servlet.DispatcherServlet        : Completed initialization in 6 ms
2020-03-16 16:03:39.046  INFO 7099 --- [SpringContextShutdownHook] o.s.c.n.zuul.ZuulFilterInitializer       : Stopping filter initializer
2020-03-16 16:03:39.075  INFO 7099 --- [SpringContextShutdownHook] j.LocalContainerEntityManagerFactoryBean : Closing JPA EntityManagerFactory for persistence unit 'default'
2020-03-16 16:03:39.079  INFO 7099 --- [SpringContextShutdownHook] com.zaxxer.hikari.HikariDataSource       : HikariPool-1 - Shutdown initiated...
2020-03-16 16:03:39.094  INFO 7099 --- [SpringContextShutdownHook] com.zaxxer.hikari.HikariDataSource       : HikariPool-1 - Shutdown completed.
2020-03-16 16:03:47.533  INFO 8300 --- [main] spring.IdentityApplication               : The following profiles are active: native
2020-03-16 16:03:48.183  INFO 8300 --- [main] .s.d.r.c.RepositoryConfigurationDelegate : Bootstrapping Spring Data JPA repositories in DEFAULT mode.
2020-03-16 16:03:48.242  INFO 8300 --- [main] .s.d.r.c.RepositoryConfigurationDelegate : Finished Spring Data repository scanning in 52ms. Found 3 JPA repository interfaces.
2020-03-16 16:03:48.339  WARN 8300 --- [main] o.s.boot.actuate.endpoint.EndpointId     : Endpoint ID 'hystrix.stream' contains invalid characters, please migrate to a valid format.
2020-03-16 16:03:48.456  INFO 8300 --- [main] o.s.cloud.context.scope.GenericScope     : BeanFactory id=1b02fe2c-2fdf-3ef7-a0cd-9dfaf22ec903
2020-03-16 16:03:48.607  INFO 8300 --- [main] trationDelegate$BeanPostProcessorChecker : Bean 'org.springframework.transaction.annotation.ProxyTransactionManagementConfiguration' of type [org.springframework.transaction.annotation.ProxyTransactionManagementConfiguration] is not eligible for getting processed by all BeanPostProcessors (for example: not eligible for auto-proxying)
2020-03-16 16:03:48.898  INFO 8300 --- [main] o.s.b.w.embedded.tomcat.TomcatWebServer  : Tomcat initialized with port(s): 7070 (https)
2020-03-16 16:03:48.914  INFO 8300 --- [main] o.apache.catalina.core.StandardService   : Starting service [Tomcat]
2020-03-16 16:03:48.915  INFO 8300 --- [main] org.apache.catalina.core.StandardEngine  : Starting Servlet engine: [Apache Tomcat/9.0.30]
2020-03-16 16:03:49.018  INFO 8300 --- [main] o.a.c.c.C.[Tomcat].[localhost].[/]       : Initializing Spring embedded WebApplicationContext
2020-03-16 16:03:49.019  INFO 8300 --- [main] o.s.web.context.ContextLoader            : Root WebApplicationContext: initialization completed in 1470 ms
2020-03-16 16:03:49.107  WARN 8300 --- [main] c.n.c.sources.URLConfigurationSource     : No URLs will be polled as dynamic configuration sources.
2020-03-16 16:03:49.107  INFO 8300 --- [main] c.n.c.sources.URLConfigurationSource     : To enable URLs as dynamic configuration sources, define System property archaius.configurationSource.additionalUrls or make config.properties available on classpath.
2020-03-16 16:03:49.117  INFO 8300 --- [main] c.netflix.config.DynamicPropertyFactory  : DynamicPropertyFactory is initialized with configuration sources: com.netflix.config.ConcurrentCompositeConfiguration@539fc5d1
2020-03-16 16:03:49.167  WARN 8300 --- [main] JpaBaseConfiguration$JpaWebConfiguration : spring.jpa.open-in-view is enabled by default. Therefore, database queries may be performed during view rendering. Explicitly configure spring.jpa.open-in-view to disable this warning
2020-03-16 16:03:49.295  INFO 8300 --- [main] o.hibernate.jpa.internal.util.LogHelper  : HHH000204: Processing PersistenceUnitInfo [name: default]
2020-03-16 16:03:49.338  INFO 8300 --- [main] org.hibernate.Version                    : HHH000412: Hibernate Core {5.4.10.Final}
2020-03-16 16:03:49.426  INFO 8300 --- [main] o.hibernate.annotations.common.Version   : HCANN000001: Hibernate Commons Annotations {5.1.0.Final}
2020-03-16 16:03:49.496  INFO 8300 --- [main] com.zaxxer.hikari.HikariDataSource       : HikariPool-1 - Starting...
2020-03-16 16:03:49.709  INFO 8300 --- [main] com.zaxxer.hikari.HikariDataSource       : HikariPool-1 - Start completed.
2020-03-16 16:03:49.725  INFO 8300 --- [main] org.hibernate.dialect.Dialect            : HHH000400: Using dialect: org.hibernate.dialect.PostgreSQL10Dialect
2020-03-16 16:03:50.238  INFO 8300 --- [main] o.h.e.t.j.p.i.JtaPlatformInitiator       : HHH000490: Using JtaPlatform implementation: [org.hibernate.engine.transaction.jta.platform.internal.NoJtaPlatform]
2020-03-16 16:03:50.242  INFO 8300 --- [main] j.LocalContainerEntityManagerFactoryBean : Initialized JPA EntityManagerFactory for persistence unit 'default'
2020-03-16 16:03:51.060  INFO 8300 --- [main] o.s.b.a.e.web.ServletEndpointRegistrar   : Registered '/actuator/hystrix.stream' to hystrix.stream-actuator-endpoint
2020-03-16 16:03:51.434  INFO 8300 --- [main] o.s.s.web.DefaultSecurityFilterChain     : Creating filter chain: any request, [org.springframework.security.web.context.request.async.WebAsyncManagerIntegrationFilter@49467fc6, org.springframework.security.web.context.SecurityContextPersistenceFilter@50ba19df, org.springframework.security.web.header.HeaderWriterFilter@33f059ad, org.springframework.security.web.authentication.logout.LogoutFilter@6ceeb592, spring.jwt.JwtAuthenticationFilter@60e5b3a8, org.springframework.security.web.savedrequest.RequestCacheAwareFilter@f0deba2, org.springframework.security.web.servletapi.SecurityContextHolderAwareRequestFilter@1611ce1c, org.springframework.security.web.authentication.AnonymousAuthenticationFilter@6f28a07e, org.springframework.security.web.session.SessionManagementFilter@4c663fda, org.springframework.security.web.access.ExceptionTranslationFilter@5bb24266]
2020-03-16 16:03:51.576  WARN 8300 --- [main] c.n.c.sources.URLConfigurationSource     : No URLs will be polled as dynamic configuration sources.
2020-03-16 16:03:51.576  INFO 8300 --- [main] c.n.c.sources.URLConfigurationSource     : To enable URLs as dynamic configuration sources, define System property archaius.configurationSource.additionalUrls or make config.properties available on classpath.
2020-03-16 16:03:51.990  INFO 8300 --- [main] o.s.c.n.zuul.ZuulFilterInitializer       : Starting filter initializer
2020-03-16 16:03:51.993  INFO 8300 --- [main] o.s.b.a.e.web.EndpointLinksResolver      : Exposing 21 endpoint(s) beneath base path '/actuator'
2020-03-16 16:03:52.584  INFO 8300 --- [main] o.s.b.w.embedded.tomcat.TomcatWebServer  : Tomcat started on port(s): 7070 (https) with context path ''
2020-03-16 16:03:52.639  INFO 8300 --- [main] spring.IdentityApplication               : Started IdentityApplication in 5.847 seconds (JVM running for 6.172)
2020-03-16 16:04:01.249  INFO 8300 --- [https-jsse-nio-7070-exec-6] o.a.c.c.C.[Tomcat].[localhost].[/]       : Initializing Spring DispatcherServlet 'dispatcherServlet'
2020-03-16 16:04:01.249  INFO 8300 --- [https-jsse-nio-7070-exec-6] o.s.web.servlet.DispatcherServlet        : Initializing Servlet 'dispatcherServlet'
2020-03-16 16:04:01.256  INFO 8300 --- [https-jsse-nio-7070-exec-6] o.s.web.servlet.DispatcherServlet        : Completed initialization in 7 ms
2020-03-16 16:10:31.507  WARN 8300 --- [https-jsse-nio-7070-exec-2] graphql.GraphQL                          : Query failed to validate : '{
	allGroups{
		id
	}
	allUsers{
		id
	}
}'
2020-03-16 16:11:45.401  WARN 8300 --- [https-jsse-nio-7070-exec-9] graphql.GraphQL                          : Query failed to validate : '{
	AllUsers{
		id
	}
}'
2020-03-16 16:12:14.665  WARN 8300 --- [https-jsse-nio-7070-exec-3] graphql.GraphQL                          : Query failed to validate : '{
	allUsers{
		id
	}
	user(id: '1') {
		id
	}
}'
2020-03-16 16:18:26.435  WARN 8300 --- [https-jsse-nio-7070-exec-7] graphql.GraphQL                          : Query failed to validate : '{
	user(id: "1") {
		username
	}
	user(id: "2") {
		username
	}
}'
2020-03-16 16:20:28.942  WARN 8300 --- [https-jsse-nio-7070-exec-1] graphql.GraphQL                          : Query failed to validate : '{
	user(id: "1") {
		fields
	}
	allUsers {
		fields
	}
	
}

fragment fields on Character {
	username
}'
2020-03-16 16:20:58.139  WARN 8300 --- [https-jsse-nio-7070-exec-8] graphql.GraphQL                          : Query failed to validate : '{
	user(id: "1") {
		...fields
	}
	allUsers {
		...fields
	}
	
}

fragment fields on Character {
	username
}'
2020-03-16 16:23:42.948  WARN 8300 --- [https-jsse-nio-7070-exec-5] graphql.GraphQL                          : Query failed to validate : '{
	user(id: "1") {
		...fields
	}
	allUsers {
		...fields
	}
	
}

fragment fields on Character {
	username
}'
2020-03-16 16:24:04.209  WARN 8300 --- [https-jsse-nio-7070-exec-1] graphql.GraphQL                          : Query failed to parse : '{
	user(id: "1") {
		...fields
	}
	allUsers {
		...fields
	}
	fragment fields on Character {
	username
}
}

'
2020-03-16 16:30:42.210  INFO 8300 --- [SpringContextShutdownHook] o.s.c.n.zuul.ZuulFilterInitializer       : Stopping filter initializer
2020-03-16 16:30:42.219  INFO 8300 --- [SpringContextShutdownHook] j.LocalContainerEntityManagerFactoryBean : Closing JPA EntityManagerFactory for persistence unit 'default'
2020-03-16 16:30:42.221  INFO 8300 --- [SpringContextShutdownHook] com.zaxxer.hikari.HikariDataSource       : HikariPool-1 - Shutdown initiated...
2020-03-16 16:30:42.236  INFO 8300 --- [SpringContextShutdownHook] com.zaxxer.hikari.HikariDataSource       : HikariPool-1 - Shutdown completed.
