2020-03-04 15:10:45.147  INFO 24462 --- [main] spring.IdentityApplication               : The following profiles are active: native
2020-03-04 15:10:45.749  INFO 24462 --- [main] .s.d.r.c.RepositoryConfigurationDelegate : Bootstrapping Spring Data JPA repositories in DEFAULT mode.
2020-03-04 15:10:45.808  INFO 24462 --- [main] .s.d.r.c.RepositoryConfigurationDelegate : Finished Spring Data repository scanning in 53ms. Found 3 JPA repository interfaces.
2020-03-04 15:10:45.903  WARN 24462 --- [main] o.s.boot.actuate.endpoint.EndpointId     : Endpoint ID 'hystrix.stream' contains invalid characters, please migrate to a valid format.
2020-03-04 15:10:46.047  INFO 24462 --- [main] o.s.cloud.context.scope.GenericScope     : BeanFactory id=cdb30ae5-49b7-30d6-958a-4a7c026e4536
2020-03-04 15:10:46.214  INFO 24462 --- [main] trationDelegate$BeanPostProcessorChecker : Bean 'org.springframework.transaction.annotation.ProxyTransactionManagementConfiguration' of type [org.springframework.transaction.annotation.ProxyTransactionManagementConfiguration] is not eligible for getting processed by all BeanPostProcessors (for example: not eligible for auto-proxying)
2020-03-04 15:10:46.502  INFO 24462 --- [main] o.s.b.w.embedded.tomcat.TomcatWebServer  : Tomcat initialized with port(s): 7070 (https)
2020-03-04 15:10:46.519  INFO 24462 --- [main] o.apache.catalina.core.StandardService   : Starting service [Tomcat]
2020-03-04 15:10:46.519  INFO 24462 --- [main] org.apache.catalina.core.StandardEngine  : Starting Servlet engine: [Apache Tomcat/9.0.30]
2020-03-04 15:10:46.605  INFO 24462 --- [main] o.a.c.c.C.[Tomcat].[localhost].[/]       : Initializing Spring embedded WebApplicationContext
2020-03-04 15:10:46.606  INFO 24462 --- [main] o.s.web.context.ContextLoader            : Root WebApplicationContext: initialization completed in 1443 ms
2020-03-04 15:10:46.694  WARN 24462 --- [main] c.n.c.sources.URLConfigurationSource     : No URLs will be polled as dynamic configuration sources.
2020-03-04 15:10:46.694  INFO 24462 --- [main] c.n.c.sources.URLConfigurationSource     : To enable URLs as dynamic configuration sources, define System property archaius.configurationSource.additionalUrls or make config.properties available on classpath.
2020-03-04 15:10:46.705  INFO 24462 --- [main] c.netflix.config.DynamicPropertyFactory  : DynamicPropertyFactory is initialized with configuration sources: com.netflix.config.ConcurrentCompositeConfiguration@660b1a9d
2020-03-04 15:10:46.753  WARN 24462 --- [main] JpaBaseConfiguration$JpaWebConfiguration : spring.jpa.open-in-view is enabled by default. Therefore, database queries may be performed during view rendering. Explicitly configure spring.jpa.open-in-view to disable this warning
2020-03-04 15:10:46.898  INFO 24462 --- [main] o.hibernate.jpa.internal.util.LogHelper  : HHH000204: Processing PersistenceUnitInfo [name: default]
2020-03-04 15:10:46.943  INFO 24462 --- [main] org.hibernate.Version                    : HHH000412: Hibernate Core {5.4.10.Final}
2020-03-04 15:10:47.040  INFO 24462 --- [main] o.hibernate.annotations.common.Version   : HCANN000001: Hibernate Commons Annotations {5.1.0.Final}
2020-03-04 15:10:47.112  INFO 24462 --- [main] com.zaxxer.hikari.HikariDataSource       : HikariPool-1 - Starting...
2020-03-04 15:10:47.247  INFO 24462 --- [main] com.zaxxer.hikari.HikariDataSource       : HikariPool-1 - Start completed.
2020-03-04 15:10:47.264  INFO 24462 --- [main] org.hibernate.dialect.Dialect            : HHH000400: Using dialect: org.hibernate.dialect.PostgreSQL10Dialect
2020-03-04 15:10:47.828  INFO 24462 --- [main] o.h.e.t.j.p.i.JtaPlatformInitiator       : HHH000490: Using JtaPlatform implementation: [org.hibernate.engine.transaction.jta.platform.internal.NoJtaPlatform]
2020-03-04 15:10:47.832  INFO 24462 --- [main] j.LocalContainerEntityManagerFactoryBean : Initialized JPA EntityManagerFactory for persistence unit 'default'
2020-03-04 15:10:48.558  INFO 24462 --- [main] o.s.b.a.e.web.ServletEndpointRegistrar   : Registered '/actuator/hystrix.stream' to hystrix.stream-actuator-endpoint
2020-03-04 15:10:48.600  WARN 24462 --- [main] ConfigServletWebServerApplicationContext : Exception encountered during context initialization - cancelling refresh attempt: org.springframework.beans.factory.UnsatisfiedDependencyException: Error creating bean with name 'authController' defined in file [/home/user0344/projects/identity/back-gradle/build/classes/java/main/spring/auth/AuthController.class]: Unsatisfied dependency expressed through constructor parameter 0; nested exception is org.springframework.beans.factory.UnsatisfiedDependencyException: Error creating bean with name 'authService' defined in file [/home/user0344/projects/identity/back-gradle/build/classes/java/main/spring/auth/AuthService.class]: Unsatisfied dependency expressed through constructor parameter 0; nested exception is org.springframework.beans.factory.UnsatisfiedDependencyException: Error creating bean with name 'userService' defined in file [/home/user0344/projects/identity/back-gradle/build/classes/java/main/spring/user/UserService.class]: Unsatisfied dependency expressed through constructor parameter 1; nested exception is org.springframework.beans.factory.NoSuchBeanDefinitionException: No qualifying bean of type 'spring.user.UserMapper' available: expected at least 1 bean which qualifies as autowire candidate. Dependency annotations: {}
2020-03-04 15:10:48.600  INFO 24462 --- [main] j.LocalContainerEntityManagerFactoryBean : Closing JPA EntityManagerFactory for persistence unit 'default'
2020-03-04 15:10:48.602  INFO 24462 --- [main] com.zaxxer.hikari.HikariDataSource       : HikariPool-1 - Shutdown initiated...
2020-03-04 15:10:48.615  INFO 24462 --- [main] com.zaxxer.hikari.HikariDataSource       : HikariPool-1 - Shutdown completed.
2020-03-04 15:10:48.617  INFO 24462 --- [main] o.apache.catalina.core.StandardService   : Stopping service [Tomcat]
2020-03-04 15:10:48.620  WARN 24462 --- [main] o.a.c.loader.WebappClassLoaderBase       : The web application [ROOT] appears to have started a thread named [RxIoScheduler-1 (Evictor)] but has failed to stop it. This is very likely to create a memory leak. Stack trace of thread:
 java.base@9/jdk.internal.misc.Unsafe.park(Native Method)
 java.base@9/java.util.concurrent.locks.LockSupport.parkNanos(LockSupport.java:234)
 java.base@9/java.util.concurrent.locks.AbstractQueuedSynchronizer$ConditionObject.awaitNanos(AbstractQueuedSynchronizer.java:2104)
 java.base@9/java.util.concurrent.ScheduledThreadPoolExecutor$DelayedWorkQueue.take(ScheduledThreadPoolExecutor.java:1131)
 java.base@9/java.util.concurrent.ScheduledThreadPoolExecutor$DelayedWorkQueue.take(ScheduledThreadPoolExecutor.java:848)
 java.base@9/java.util.concurrent.ThreadPoolExecutor.getTask(ThreadPoolExecutor.java:1092)
 java.base@9/java.util.concurrent.ThreadPoolExecutor.runWorker(ThreadPoolExecutor.java:1152)
 java.base@9/java.util.concurrent.ThreadPoolExecutor$Worker.run(ThreadPoolExecutor.java:641)
 java.base@9/java.lang.Thread.run(Thread.java:844)
2020-03-04 15:10:48.632  INFO 24462 --- [main] ConditionEvaluationReportLoggingListener : 

Error starting ApplicationContext. To display the conditions report re-run your application with 'debug' enabled.
2020-03-04 15:10:48.735 ERROR 24462 --- [main] o.s.b.d.LoggingFailureAnalysisReporter   : 

***************************
APPLICATION FAILED TO START
***************************

Description:

Parameter 1 of constructor in spring.user.UserService required a bean of type 'spring.user.UserMapper' that could not be found.


Action:

Consider defining a bean of type 'spring.user.UserMapper' in your configuration.

2020-03-04 15:11:57.028  INFO 24946 --- [main] spring.IdentityApplication               : The following profiles are active: native
2020-03-04 15:11:57.621  INFO 24946 --- [main] .s.d.r.c.RepositoryConfigurationDelegate : Bootstrapping Spring Data JPA repositories in DEFAULT mode.
2020-03-04 15:11:57.683  INFO 24946 --- [main] .s.d.r.c.RepositoryConfigurationDelegate : Finished Spring Data repository scanning in 55ms. Found 3 JPA repository interfaces.
2020-03-04 15:11:57.776  WARN 24946 --- [main] o.s.boot.actuate.endpoint.EndpointId     : Endpoint ID 'hystrix.stream' contains invalid characters, please migrate to a valid format.
2020-03-04 15:11:57.908  INFO 24946 --- [main] o.s.cloud.context.scope.GenericScope     : BeanFactory id=cdb30ae5-49b7-30d6-958a-4a7c026e4536
2020-03-04 15:11:58.074  INFO 24946 --- [main] trationDelegate$BeanPostProcessorChecker : Bean 'org.springframework.transaction.annotation.ProxyTransactionManagementConfiguration' of type [org.springframework.transaction.annotation.ProxyTransactionManagementConfiguration] is not eligible for getting processed by all BeanPostProcessors (for example: not eligible for auto-proxying)
2020-03-04 15:11:58.356  INFO 24946 --- [main] o.s.b.w.embedded.tomcat.TomcatWebServer  : Tomcat initialized with port(s): 7070 (https)
2020-03-04 15:11:58.372  INFO 24946 --- [main] o.apache.catalina.core.StandardService   : Starting service [Tomcat]
2020-03-04 15:11:58.373  INFO 24946 --- [main] org.apache.catalina.core.StandardEngine  : Starting Servlet engine: [Apache Tomcat/9.0.30]
2020-03-04 15:11:58.457  INFO 24946 --- [main] o.a.c.c.C.[Tomcat].[localhost].[/]       : Initializing Spring embedded WebApplicationContext
2020-03-04 15:11:58.458  INFO 24946 --- [main] o.s.web.context.ContextLoader            : Root WebApplicationContext: initialization completed in 1415 ms
2020-03-04 15:11:58.550  WARN 24946 --- [main] c.n.c.sources.URLConfigurationSource     : No URLs will be polled as dynamic configuration sources.
2020-03-04 15:11:58.550  INFO 24946 --- [main] c.n.c.sources.URLConfigurationSource     : To enable URLs as dynamic configuration sources, define System property archaius.configurationSource.additionalUrls or make config.properties available on classpath.
2020-03-04 15:11:58.560  INFO 24946 --- [main] c.netflix.config.DynamicPropertyFactory  : DynamicPropertyFactory is initialized with configuration sources: com.netflix.config.ConcurrentCompositeConfiguration@dc59ec2
2020-03-04 15:11:58.620  WARN 24946 --- [main] JpaBaseConfiguration$JpaWebConfiguration : spring.jpa.open-in-view is enabled by default. Therefore, database queries may be performed during view rendering. Explicitly configure spring.jpa.open-in-view to disable this warning
2020-03-04 15:11:58.755  INFO 24946 --- [main] o.hibernate.jpa.internal.util.LogHelper  : HHH000204: Processing PersistenceUnitInfo [name: default]
2020-03-04 15:11:58.799  INFO 24946 --- [main] org.hibernate.Version                    : HHH000412: Hibernate Core {5.4.10.Final}
2020-03-04 15:11:58.887  INFO 24946 --- [main] o.hibernate.annotations.common.Version   : HCANN000001: Hibernate Commons Annotations {5.1.0.Final}
2020-03-04 15:11:58.956  INFO 24946 --- [main] com.zaxxer.hikari.HikariDataSource       : HikariPool-1 - Starting...
2020-03-04 15:11:59.090  INFO 24946 --- [main] com.zaxxer.hikari.HikariDataSource       : HikariPool-1 - Start completed.
2020-03-04 15:11:59.107  INFO 24946 --- [main] org.hibernate.dialect.Dialect            : HHH000400: Using dialect: org.hibernate.dialect.PostgreSQL10Dialect
2020-03-04 15:11:59.628  INFO 24946 --- [main] o.h.e.t.j.p.i.JtaPlatformInitiator       : HHH000490: Using JtaPlatform implementation: [org.hibernate.engine.transaction.jta.platform.internal.NoJtaPlatform]
2020-03-04 15:11:59.632  INFO 24946 --- [main] j.LocalContainerEntityManagerFactoryBean : Initialized JPA EntityManagerFactory for persistence unit 'default'
2020-03-04 15:12:00.271  INFO 24946 --- [main] o.s.b.a.e.web.ServletEndpointRegistrar   : Registered '/actuator/hystrix.stream' to hystrix.stream-actuator-endpoint
2020-03-04 15:12:00.314  WARN 24946 --- [main] ConfigServletWebServerApplicationContext : Exception encountered during context initialization - cancelling refresh attempt: org.springframework.beans.factory.UnsatisfiedDependencyException: Error creating bean with name 'authController' defined in file [/home/user0344/projects/identity/back-gradle/build/classes/java/main/spring/auth/AuthController.class]: Unsatisfied dependency expressed through constructor parameter 0; nested exception is org.springframework.beans.factory.UnsatisfiedDependencyException: Error creating bean with name 'authService' defined in file [/home/user0344/projects/identity/back-gradle/build/classes/java/main/spring/auth/AuthService.class]: Unsatisfied dependency expressed through constructor parameter 0; nested exception is org.springframework.beans.factory.UnsatisfiedDependencyException: Error creating bean with name 'userService' defined in file [/home/user0344/projects/identity/back-gradle/build/classes/java/main/spring/user/UserService.class]: Unsatisfied dependency expressed through constructor parameter 1; nested exception is org.springframework.beans.factory.NoSuchBeanDefinitionException: No qualifying bean of type 'spring.user.UserMapper' available: expected at least 1 bean which qualifies as autowire candidate. Dependency annotations: {}
2020-03-04 15:12:00.315  INFO 24946 --- [main] j.LocalContainerEntityManagerFactoryBean : Closing JPA EntityManagerFactory for persistence unit 'default'
2020-03-04 15:12:00.317  INFO 24946 --- [main] com.zaxxer.hikari.HikariDataSource       : HikariPool-1 - Shutdown initiated...
2020-03-04 15:12:00.320  INFO 24946 --- [main] com.zaxxer.hikari.HikariDataSource       : HikariPool-1 - Shutdown completed.
2020-03-04 15:12:00.321  INFO 24946 --- [main] o.apache.catalina.core.StandardService   : Stopping service [Tomcat]
2020-03-04 15:12:00.326  WARN 24946 --- [main] o.a.c.loader.WebappClassLoaderBase       : The web application [ROOT] appears to have started a thread named [RxIoScheduler-1 (Evictor)] but has failed to stop it. This is very likely to create a memory leak. Stack trace of thread:
 java.base@9/jdk.internal.misc.Unsafe.park(Native Method)
 java.base@9/java.util.concurrent.locks.LockSupport.parkNanos(LockSupport.java:234)
 java.base@9/java.util.concurrent.locks.AbstractQueuedSynchronizer$ConditionObject.awaitNanos(AbstractQueuedSynchronizer.java:2104)
 java.base@9/java.util.concurrent.ScheduledThreadPoolExecutor$DelayedWorkQueue.take(ScheduledThreadPoolExecutor.java:1131)
 java.base@9/java.util.concurrent.ScheduledThreadPoolExecutor$DelayedWorkQueue.take(ScheduledThreadPoolExecutor.java:848)
 java.base@9/java.util.concurrent.ThreadPoolExecutor.getTask(ThreadPoolExecutor.java:1092)
 java.base@9/java.util.concurrent.ThreadPoolExecutor.runWorker(ThreadPoolExecutor.java:1152)
 java.base@9/java.util.concurrent.ThreadPoolExecutor$Worker.run(ThreadPoolExecutor.java:641)
 java.base@9/java.lang.Thread.run(Thread.java:844)
2020-03-04 15:12:00.335  INFO 24946 --- [main] ConditionEvaluationReportLoggingListener : 

Error starting ApplicationContext. To display the conditions report re-run your application with 'debug' enabled.
2020-03-04 15:12:00.471 ERROR 24946 --- [main] o.s.b.d.LoggingFailureAnalysisReporter   : 

***************************
APPLICATION FAILED TO START
***************************

Description:

Parameter 1 of constructor in spring.user.UserService required a bean of type 'spring.user.UserMapper' that could not be found.


Action:

Consider defining a bean of type 'spring.user.UserMapper' in your configuration.

2020-03-04 15:14:11.809  INFO 25594 --- [main] spring.IdentityApplication               : The following profiles are active: native
2020-03-04 15:14:12.396  INFO 25594 --- [main] .s.d.r.c.RepositoryConfigurationDelegate : Bootstrapping Spring Data JPA repositories in DEFAULT mode.
2020-03-04 15:14:12.454  INFO 25594 --- [main] .s.d.r.c.RepositoryConfigurationDelegate : Finished Spring Data repository scanning in 51ms. Found 3 JPA repository interfaces.
2020-03-04 15:14:12.542  WARN 25594 --- [main] o.s.boot.actuate.endpoint.EndpointId     : Endpoint ID 'hystrix.stream' contains invalid characters, please migrate to a valid format.
2020-03-04 15:14:12.680  INFO 25594 --- [main] o.s.cloud.context.scope.GenericScope     : BeanFactory id=cdb30ae5-49b7-30d6-958a-4a7c026e4536
2020-03-04 15:14:12.844  INFO 25594 --- [main] trationDelegate$BeanPostProcessorChecker : Bean 'org.springframework.transaction.annotation.ProxyTransactionManagementConfiguration' of type [org.springframework.transaction.annotation.ProxyTransactionManagementConfiguration] is not eligible for getting processed by all BeanPostProcessors (for example: not eligible for auto-proxying)
2020-03-04 15:14:13.134  INFO 25594 --- [main] o.s.b.w.embedded.tomcat.TomcatWebServer  : Tomcat initialized with port(s): 7070 (https)
2020-03-04 15:14:13.151  INFO 25594 --- [main] o.apache.catalina.core.StandardService   : Starting service [Tomcat]
2020-03-04 15:14:13.152  INFO 25594 --- [main] org.apache.catalina.core.StandardEngine  : Starting Servlet engine: [Apache Tomcat/9.0.30]
2020-03-04 15:14:13.240  INFO 25594 --- [main] o.a.c.c.C.[Tomcat].[localhost].[/]       : Initializing Spring embedded WebApplicationContext
2020-03-04 15:14:13.240  INFO 25594 --- [main] o.s.web.context.ContextLoader            : Root WebApplicationContext: initialization completed in 1415 ms
2020-03-04 15:14:13.326  WARN 25594 --- [main] c.n.c.sources.URLConfigurationSource     : No URLs will be polled as dynamic configuration sources.
2020-03-04 15:14:13.327  INFO 25594 --- [main] c.n.c.sources.URLConfigurationSource     : To enable URLs as dynamic configuration sources, define System property archaius.configurationSource.additionalUrls or make config.properties available on classpath.
2020-03-04 15:14:13.337  INFO 25594 --- [main] c.netflix.config.DynamicPropertyFactory  : DynamicPropertyFactory is initialized with configuration sources: com.netflix.config.ConcurrentCompositeConfiguration@3cf55e0c
2020-03-04 15:14:13.384  WARN 25594 --- [main] JpaBaseConfiguration$JpaWebConfiguration : spring.jpa.open-in-view is enabled by default. Therefore, database queries may be performed during view rendering. Explicitly configure spring.jpa.open-in-view to disable this warning
2020-03-04 15:14:13.531  INFO 25594 --- [main] o.hibernate.jpa.internal.util.LogHelper  : HHH000204: Processing PersistenceUnitInfo [name: default]
2020-03-04 15:14:13.575  INFO 25594 --- [main] org.hibernate.Version                    : HHH000412: Hibernate Core {5.4.10.Final}
2020-03-04 15:14:13.665  INFO 25594 --- [main] o.hibernate.annotations.common.Version   : HCANN000001: Hibernate Commons Annotations {5.1.0.Final}
2020-03-04 15:14:13.736  INFO 25594 --- [main] com.zaxxer.hikari.HikariDataSource       : HikariPool-1 - Starting...
2020-03-04 15:14:13.872  INFO 25594 --- [main] com.zaxxer.hikari.HikariDataSource       : HikariPool-1 - Start completed.
2020-03-04 15:14:13.889  INFO 25594 --- [main] org.hibernate.dialect.Dialect            : HHH000400: Using dialect: org.hibernate.dialect.PostgreSQL10Dialect
2020-03-04 15:14:14.450  INFO 25594 --- [main] o.h.e.t.j.p.i.JtaPlatformInitiator       : HHH000490: Using JtaPlatform implementation: [org.hibernate.engine.transaction.jta.platform.internal.NoJtaPlatform]
2020-03-04 15:14:14.454  INFO 25594 --- [main] j.LocalContainerEntityManagerFactoryBean : Initialized JPA EntityManagerFactory for persistence unit 'default'
2020-03-04 15:14:15.172  INFO 25594 --- [main] o.s.b.a.e.web.ServletEndpointRegistrar   : Registered '/actuator/hystrix.stream' to hystrix.stream-actuator-endpoint
2020-03-04 15:14:15.213  WARN 25594 --- [main] ConfigServletWebServerApplicationContext : Exception encountered during context initialization - cancelling refresh attempt: org.springframework.beans.factory.UnsatisfiedDependencyException: Error creating bean with name 'authController' defined in file [/home/user0344/projects/identity/back-gradle/build/classes/java/main/spring/auth/AuthController.class]: Unsatisfied dependency expressed through constructor parameter 0; nested exception is org.springframework.beans.factory.UnsatisfiedDependencyException: Error creating bean with name 'authService' defined in file [/home/user0344/projects/identity/back-gradle/build/classes/java/main/spring/auth/AuthService.class]: Unsatisfied dependency expressed through constructor parameter 0; nested exception is org.springframework.beans.factory.UnsatisfiedDependencyException: Error creating bean with name 'userService' defined in file [/home/user0344/projects/identity/back-gradle/build/classes/java/main/spring/user/UserService.class]: Unsatisfied dependency expressed through constructor parameter 1; nested exception is org.springframework.beans.factory.NoSuchBeanDefinitionException: No qualifying bean of type 'spring.user.UserMapper' available: expected at least 1 bean which qualifies as autowire candidate. Dependency annotations: {}
2020-03-04 15:14:15.214  INFO 25594 --- [main] j.LocalContainerEntityManagerFactoryBean : Closing JPA EntityManagerFactory for persistence unit 'default'
2020-03-04 15:14:15.216  INFO 25594 --- [main] com.zaxxer.hikari.HikariDataSource       : HikariPool-1 - Shutdown initiated...
2020-03-04 15:14:15.220  INFO 25594 --- [main] com.zaxxer.hikari.HikariDataSource       : HikariPool-1 - Shutdown completed.
2020-03-04 15:14:15.221  INFO 25594 --- [main] o.apache.catalina.core.StandardService   : Stopping service [Tomcat]
2020-03-04 15:14:15.225  WARN 25594 --- [main] o.a.c.loader.WebappClassLoaderBase       : The web application [ROOT] appears to have started a thread named [RxIoScheduler-1 (Evictor)] but has failed to stop it. This is very likely to create a memory leak. Stack trace of thread:
 java.base@9/jdk.internal.misc.Unsafe.park(Native Method)
 java.base@9/java.util.concurrent.locks.LockSupport.parkNanos(LockSupport.java:234)
 java.base@9/java.util.concurrent.locks.AbstractQueuedSynchronizer$ConditionObject.awaitNanos(AbstractQueuedSynchronizer.java:2104)
 java.base@9/java.util.concurrent.ScheduledThreadPoolExecutor$DelayedWorkQueue.take(ScheduledThreadPoolExecutor.java:1131)
 java.base@9/java.util.concurrent.ScheduledThreadPoolExecutor$DelayedWorkQueue.take(ScheduledThreadPoolExecutor.java:848)
 java.base@9/java.util.concurrent.ThreadPoolExecutor.getTask(ThreadPoolExecutor.java:1092)
 java.base@9/java.util.concurrent.ThreadPoolExecutor.runWorker(ThreadPoolExecutor.java:1152)
 java.base@9/java.util.concurrent.ThreadPoolExecutor$Worker.run(ThreadPoolExecutor.java:641)
 java.base@9/java.lang.Thread.run(Thread.java:844)
2020-03-04 15:14:15.235  INFO 25594 --- [main] ConditionEvaluationReportLoggingListener : 

Error starting ApplicationContext. To display the conditions report re-run your application with 'debug' enabled.
2020-03-04 15:14:15.341 ERROR 25594 --- [main] o.s.b.d.LoggingFailureAnalysisReporter   : 

***************************
APPLICATION FAILED TO START
***************************

Description:

Parameter 1 of constructor in spring.user.UserService required a bean of type 'spring.user.UserMapper' that could not be found.


Action:

Consider defining a bean of type 'spring.user.UserMapper' in your configuration.

2020-03-04 15:16:10.837  INFO 26183 --- [main] spring.IdentityApplication               : The following profiles are active: native
2020-03-04 15:16:11.456  INFO 26183 --- [main] .s.d.r.c.RepositoryConfigurationDelegate : Bootstrapping Spring Data JPA repositories in DEFAULT mode.
2020-03-04 15:16:11.515  INFO 26183 --- [main] .s.d.r.c.RepositoryConfigurationDelegate : Finished Spring Data repository scanning in 53ms. Found 3 JPA repository interfaces.
2020-03-04 15:16:11.610  WARN 26183 --- [main] o.s.boot.actuate.endpoint.EndpointId     : Endpoint ID 'hystrix.stream' contains invalid characters, please migrate to a valid format.
2020-03-04 15:16:11.745  INFO 26183 --- [main] o.s.cloud.context.scope.GenericScope     : BeanFactory id=cdb30ae5-49b7-30d6-958a-4a7c026e4536
2020-03-04 15:16:11.912  INFO 26183 --- [main] trationDelegate$BeanPostProcessorChecker : Bean 'org.springframework.transaction.annotation.ProxyTransactionManagementConfiguration' of type [org.springframework.transaction.annotation.ProxyTransactionManagementConfiguration] is not eligible for getting processed by all BeanPostProcessors (for example: not eligible for auto-proxying)
2020-03-04 15:16:12.219  INFO 26183 --- [main] o.s.b.w.embedded.tomcat.TomcatWebServer  : Tomcat initialized with port(s): 7070 (https)
2020-03-04 15:16:12.236  INFO 26183 --- [main] o.apache.catalina.core.StandardService   : Starting service [Tomcat]
2020-03-04 15:16:12.236  INFO 26183 --- [main] org.apache.catalina.core.StandardEngine  : Starting Servlet engine: [Apache Tomcat/9.0.30]
2020-03-04 15:16:12.329  INFO 26183 --- [main] o.a.c.c.C.[Tomcat].[localhost].[/]       : Initializing Spring embedded WebApplicationContext
2020-03-04 15:16:12.329  INFO 26183 --- [main] o.s.web.context.ContextLoader            : Root WebApplicationContext: initialization completed in 1477 ms
2020-03-04 15:16:12.416  WARN 26183 --- [main] c.n.c.sources.URLConfigurationSource     : No URLs will be polled as dynamic configuration sources.
2020-03-04 15:16:12.416  INFO 26183 --- [main] c.n.c.sources.URLConfigurationSource     : To enable URLs as dynamic configuration sources, define System property archaius.configurationSource.additionalUrls or make config.properties available on classpath.
2020-03-04 15:16:12.425  INFO 26183 --- [main] c.netflix.config.DynamicPropertyFactory  : DynamicPropertyFactory is initialized with configuration sources: com.netflix.config.ConcurrentCompositeConfiguration@ee96866
2020-03-04 15:16:12.474  WARN 26183 --- [main] JpaBaseConfiguration$JpaWebConfiguration : spring.jpa.open-in-view is enabled by default. Therefore, database queries may be performed during view rendering. Explicitly configure spring.jpa.open-in-view to disable this warning
2020-03-04 15:16:12.629  INFO 26183 --- [main] o.hibernate.jpa.internal.util.LogHelper  : HHH000204: Processing PersistenceUnitInfo [name: default]
2020-03-04 15:16:12.673  INFO 26183 --- [main] org.hibernate.Version                    : HHH000412: Hibernate Core {5.4.10.Final}
2020-03-04 15:16:12.767  INFO 26183 --- [main] o.hibernate.annotations.common.Version   : HCANN000001: Hibernate Commons Annotations {5.1.0.Final}
2020-03-04 15:16:12.850  INFO 26183 --- [main] com.zaxxer.hikari.HikariDataSource       : HikariPool-1 - Starting...
2020-03-04 15:16:12.987  INFO 26183 --- [main] com.zaxxer.hikari.HikariDataSource       : HikariPool-1 - Start completed.
2020-03-04 15:16:13.004  INFO 26183 --- [main] org.hibernate.dialect.Dialect            : HHH000400: Using dialect: org.hibernate.dialect.PostgreSQL10Dialect
2020-03-04 15:16:13.539  INFO 26183 --- [main] o.h.e.t.j.p.i.JtaPlatformInitiator       : HHH000490: Using JtaPlatform implementation: [org.hibernate.engine.transaction.jta.platform.internal.NoJtaPlatform]
2020-03-04 15:16:13.544  INFO 26183 --- [main] j.LocalContainerEntityManagerFactoryBean : Initialized JPA EntityManagerFactory for persistence unit 'default'
2020-03-04 15:16:14.304  INFO 26183 --- [main] o.s.b.a.e.web.ServletEndpointRegistrar   : Registered '/actuator/hystrix.stream' to hystrix.stream-actuator-endpoint
2020-03-04 15:16:14.353  WARN 26183 --- [main] ConfigServletWebServerApplicationContext : Exception encountered during context initialization - cancelling refresh attempt: org.springframework.beans.factory.UnsatisfiedDependencyException: Error creating bean with name 'authController' defined in file [/home/user0344/projects/identity/back-gradle/build/classes/java/main/spring/auth/AuthController.class]: Unsatisfied dependency expressed through constructor parameter 0; nested exception is org.springframework.beans.factory.UnsatisfiedDependencyException: Error creating bean with name 'authService' defined in file [/home/user0344/projects/identity/back-gradle/build/classes/java/main/spring/auth/AuthService.class]: Unsatisfied dependency expressed through constructor parameter 0; nested exception is org.springframework.beans.factory.UnsatisfiedDependencyException: Error creating bean with name 'userService' defined in file [/home/user0344/projects/identity/back-gradle/build/classes/java/main/spring/user/UserService.class]: Unsatisfied dependency expressed through constructor parameter 1; nested exception is org.springframework.beans.factory.NoSuchBeanDefinitionException: No qualifying bean of type 'spring.user.UserMapper' available: expected at least 1 bean which qualifies as autowire candidate. Dependency annotations: {}
2020-03-04 15:16:14.354  INFO 26183 --- [main] j.LocalContainerEntityManagerFactoryBean : Closing JPA EntityManagerFactory for persistence unit 'default'
2020-03-04 15:16:14.356  INFO 26183 --- [main] com.zaxxer.hikari.HikariDataSource       : HikariPool-1 - Shutdown initiated...
2020-03-04 15:16:14.361  INFO 26183 --- [main] com.zaxxer.hikari.HikariDataSource       : HikariPool-1 - Shutdown completed.
2020-03-04 15:16:14.362  INFO 26183 --- [main] o.apache.catalina.core.StandardService   : Stopping service [Tomcat]
2020-03-04 15:16:14.365  WARN 26183 --- [main] o.a.c.loader.WebappClassLoaderBase       : The web application [ROOT] appears to have started a thread named [RxIoScheduler-1 (Evictor)] but has failed to stop it. This is very likely to create a memory leak. Stack trace of thread:
 java.base@9/jdk.internal.misc.Unsafe.park(Native Method)
 java.base@9/java.util.concurrent.locks.LockSupport.parkNanos(LockSupport.java:234)
 java.base@9/java.util.concurrent.locks.AbstractQueuedSynchronizer$ConditionObject.awaitNanos(AbstractQueuedSynchronizer.java:2104)
 java.base@9/java.util.concurrent.ScheduledThreadPoolExecutor$DelayedWorkQueue.take(ScheduledThreadPoolExecutor.java:1131)
 java.base@9/java.util.concurrent.ScheduledThreadPoolExecutor$DelayedWorkQueue.take(ScheduledThreadPoolExecutor.java:848)
 java.base@9/java.util.concurrent.ThreadPoolExecutor.getTask(ThreadPoolExecutor.java:1092)
 java.base@9/java.util.concurrent.ThreadPoolExecutor.runWorker(ThreadPoolExecutor.java:1152)
 java.base@9/java.util.concurrent.ThreadPoolExecutor$Worker.run(ThreadPoolExecutor.java:641)
 java.base@9/java.lang.Thread.run(Thread.java:844)
2020-03-04 15:16:14.375  INFO 26183 --- [main] ConditionEvaluationReportLoggingListener : 

Error starting ApplicationContext. To display the conditions report re-run your application with 'debug' enabled.
2020-03-04 15:16:14.514 ERROR 26183 --- [main] o.s.b.d.LoggingFailureAnalysisReporter   : 

***************************
APPLICATION FAILED TO START
***************************

Description:

Parameter 1 of constructor in spring.user.UserService required a bean of type 'spring.user.UserMapper' that could not be found.


Action:

Consider defining a bean of type 'spring.user.UserMapper' in your configuration.

2020-03-04 15:21:23.833  INFO 27878 --- [main] spring.IdentityApplication               : The following profiles are active: native
2020-03-04 15:21:24.411  INFO 27878 --- [main] .s.d.r.c.RepositoryConfigurationDelegate : Bootstrapping Spring Data JPA repositories in DEFAULT mode.
2020-03-04 15:21:24.469  INFO 27878 --- [main] .s.d.r.c.RepositoryConfigurationDelegate : Finished Spring Data repository scanning in 52ms. Found 3 JPA repository interfaces.
2020-03-04 15:21:24.558  WARN 27878 --- [main] o.s.boot.actuate.endpoint.EndpointId     : Endpoint ID 'hystrix.stream' contains invalid characters, please migrate to a valid format.
2020-03-04 15:21:24.708  INFO 27878 --- [main] o.s.cloud.context.scope.GenericScope     : BeanFactory id=cdb30ae5-49b7-30d6-958a-4a7c026e4536
2020-03-04 15:21:24.874  INFO 27878 --- [main] trationDelegate$BeanPostProcessorChecker : Bean 'org.springframework.transaction.annotation.ProxyTransactionManagementConfiguration' of type [org.springframework.transaction.annotation.ProxyTransactionManagementConfiguration] is not eligible for getting processed by all BeanPostProcessors (for example: not eligible for auto-proxying)
2020-03-04 15:21:25.174  INFO 27878 --- [main] o.s.b.w.embedded.tomcat.TomcatWebServer  : Tomcat initialized with port(s): 7070 (https)
2020-03-04 15:21:25.191  INFO 27878 --- [main] o.apache.catalina.core.StandardService   : Starting service [Tomcat]
2020-03-04 15:21:25.191  INFO 27878 --- [main] org.apache.catalina.core.StandardEngine  : Starting Servlet engine: [Apache Tomcat/9.0.30]
2020-03-04 15:21:25.278  INFO 27878 --- [main] o.a.c.c.C.[Tomcat].[localhost].[/]       : Initializing Spring embedded WebApplicationContext
2020-03-04 15:21:25.278  INFO 27878 --- [main] o.s.web.context.ContextLoader            : Root WebApplicationContext: initialization completed in 1431 ms
2020-03-04 15:21:25.369  WARN 27878 --- [main] c.n.c.sources.URLConfigurationSource     : No URLs will be polled as dynamic configuration sources.
2020-03-04 15:21:25.370  INFO 27878 --- [main] c.n.c.sources.URLConfigurationSource     : To enable URLs as dynamic configuration sources, define System property archaius.configurationSource.additionalUrls or make config.properties available on classpath.
2020-03-04 15:21:25.379  INFO 27878 --- [main] c.netflix.config.DynamicPropertyFactory  : DynamicPropertyFactory is initialized with configuration sources: com.netflix.config.ConcurrentCompositeConfiguration@6b16de91
2020-03-04 15:21:25.427  WARN 27878 --- [main] JpaBaseConfiguration$JpaWebConfiguration : spring.jpa.open-in-view is enabled by default. Therefore, database queries may be performed during view rendering. Explicitly configure spring.jpa.open-in-view to disable this warning
2020-03-04 15:21:25.565  INFO 27878 --- [main] o.hibernate.jpa.internal.util.LogHelper  : HHH000204: Processing PersistenceUnitInfo [name: default]
2020-03-04 15:21:25.607  INFO 27878 --- [main] org.hibernate.Version                    : HHH000412: Hibernate Core {5.4.10.Final}
2020-03-04 15:21:25.702  INFO 27878 --- [main] o.hibernate.annotations.common.Version   : HCANN000001: Hibernate Commons Annotations {5.1.0.Final}
2020-03-04 15:21:25.772  INFO 27878 --- [main] com.zaxxer.hikari.HikariDataSource       : HikariPool-1 - Starting...
2020-03-04 15:21:25.904  INFO 27878 --- [main] com.zaxxer.hikari.HikariDataSource       : HikariPool-1 - Start completed.
2020-03-04 15:21:25.921  INFO 27878 --- [main] org.hibernate.dialect.Dialect            : HHH000400: Using dialect: org.hibernate.dialect.PostgreSQL10Dialect
2020-03-04 15:21:26.518  INFO 27878 --- [main] o.h.e.t.j.p.i.JtaPlatformInitiator       : HHH000490: Using JtaPlatform implementation: [org.hibernate.engine.transaction.jta.platform.internal.NoJtaPlatform]
2020-03-04 15:21:26.523  INFO 27878 --- [main] j.LocalContainerEntityManagerFactoryBean : Initialized JPA EntityManagerFactory for persistence unit 'default'
2020-03-04 15:21:27.318  INFO 27878 --- [main] o.s.b.a.e.web.ServletEndpointRegistrar   : Registered '/actuator/hystrix.stream' to hystrix.stream-actuator-endpoint
2020-03-04 15:21:27.358  WARN 27878 --- [main] ConfigServletWebServerApplicationContext : Exception encountered during context initialization - cancelling refresh attempt: org.springframework.beans.factory.UnsatisfiedDependencyException: Error creating bean with name 'authController' defined in file [/home/user0344/projects/identity/back-gradle/build/classes/java/main/spring/auth/AuthController.class]: Unsatisfied dependency expressed through constructor parameter 0; nested exception is org.springframework.beans.factory.UnsatisfiedDependencyException: Error creating bean with name 'authService' defined in file [/home/user0344/projects/identity/back-gradle/build/classes/java/main/spring/auth/AuthService.class]: Unsatisfied dependency expressed through constructor parameter 0; nested exception is org.springframework.beans.factory.UnsatisfiedDependencyException: Error creating bean with name 'userService' defined in file [/home/user0344/projects/identity/back-gradle/build/classes/java/main/spring/user/UserService.class]: Unsatisfied dependency expressed through constructor parameter 1; nested exception is org.springframework.beans.factory.NoSuchBeanDefinitionException: No qualifying bean of type 'spring.user.UserMapper' available: expected at least 1 bean which qualifies as autowire candidate. Dependency annotations: {}
2020-03-04 15:21:27.359  INFO 27878 --- [main] j.LocalContainerEntityManagerFactoryBean : Closing JPA EntityManagerFactory for persistence unit 'default'
2020-03-04 15:21:27.361  INFO 27878 --- [main] com.zaxxer.hikari.HikariDataSource       : HikariPool-1 - Shutdown initiated...
2020-03-04 15:21:27.370  INFO 27878 --- [main] com.zaxxer.hikari.HikariDataSource       : HikariPool-1 - Shutdown completed.
2020-03-04 15:21:27.371  INFO 27878 --- [main] o.apache.catalina.core.StandardService   : Stopping service [Tomcat]
2020-03-04 15:21:27.373  WARN 27878 --- [main] o.a.c.loader.WebappClassLoaderBase       : The web application [ROOT] appears to have started a thread named [RxIoScheduler-1 (Evictor)] but has failed to stop it. This is very likely to create a memory leak. Stack trace of thread:
 java.base@9/jdk.internal.misc.Unsafe.park(Native Method)
 java.base@9/java.util.concurrent.locks.LockSupport.parkNanos(LockSupport.java:234)
 java.base@9/java.util.concurrent.locks.AbstractQueuedSynchronizer$ConditionObject.awaitNanos(AbstractQueuedSynchronizer.java:2104)
 java.base@9/java.util.concurrent.ScheduledThreadPoolExecutor$DelayedWorkQueue.take(ScheduledThreadPoolExecutor.java:1131)
 java.base@9/java.util.concurrent.ScheduledThreadPoolExecutor$DelayedWorkQueue.take(ScheduledThreadPoolExecutor.java:848)
 java.base@9/java.util.concurrent.ThreadPoolExecutor.getTask(ThreadPoolExecutor.java:1092)
 java.base@9/java.util.concurrent.ThreadPoolExecutor.runWorker(ThreadPoolExecutor.java:1152)
 java.base@9/java.util.concurrent.ThreadPoolExecutor$Worker.run(ThreadPoolExecutor.java:641)
 java.base@9/java.lang.Thread.run(Thread.java:844)
2020-03-04 15:21:27.382  INFO 27878 --- [main] ConditionEvaluationReportLoggingListener : 

Error starting ApplicationContext. To display the conditions report re-run your application with 'debug' enabled.
2020-03-04 15:21:27.474 ERROR 27878 --- [main] o.s.b.d.LoggingFailureAnalysisReporter   : 

***************************
APPLICATION FAILED TO START
***************************

Description:

Parameter 1 of constructor in spring.user.UserService required a bean of type 'spring.user.UserMapper' that could not be found.


Action:

Consider defining a bean of type 'spring.user.UserMapper' in your configuration.

2020-03-04 15:21:55.679  INFO 28203 --- [main] spring.IdentityApplication               : The following profiles are active: native
2020-03-04 15:21:56.283  INFO 28203 --- [main] .s.d.r.c.RepositoryConfigurationDelegate : Bootstrapping Spring Data JPA repositories in DEFAULT mode.
2020-03-04 15:21:56.341  INFO 28203 --- [main] .s.d.r.c.RepositoryConfigurationDelegate : Finished Spring Data repository scanning in 52ms. Found 3 JPA repository interfaces.
2020-03-04 15:21:56.429  WARN 28203 --- [main] o.s.boot.actuate.endpoint.EndpointId     : Endpoint ID 'hystrix.stream' contains invalid characters, please migrate to a valid format.
2020-03-04 15:21:56.558  INFO 28203 --- [main] o.s.cloud.context.scope.GenericScope     : BeanFactory id=cdb30ae5-49b7-30d6-958a-4a7c026e4536
2020-03-04 15:21:56.729  INFO 28203 --- [main] trationDelegate$BeanPostProcessorChecker : Bean 'org.springframework.transaction.annotation.ProxyTransactionManagementConfiguration' of type [org.springframework.transaction.annotation.ProxyTransactionManagementConfiguration] is not eligible for getting processed by all BeanPostProcessors (for example: not eligible for auto-proxying)
2020-03-04 15:21:57.051  INFO 28203 --- [main] o.s.b.w.embedded.tomcat.TomcatWebServer  : Tomcat initialized with port(s): 7070 (https)
2020-03-04 15:21:57.067  INFO 28203 --- [main] o.apache.catalina.core.StandardService   : Starting service [Tomcat]
2020-03-04 15:21:57.067  INFO 28203 --- [main] org.apache.catalina.core.StandardEngine  : Starting Servlet engine: [Apache Tomcat/9.0.30]
2020-03-04 15:21:57.151  INFO 28203 --- [main] o.a.c.c.C.[Tomcat].[localhost].[/]       : Initializing Spring embedded WebApplicationContext
2020-03-04 15:21:57.151  INFO 28203 --- [main] o.s.web.context.ContextLoader            : Root WebApplicationContext: initialization completed in 1457 ms
2020-03-04 15:21:57.238  WARN 28203 --- [main] c.n.c.sources.URLConfigurationSource     : No URLs will be polled as dynamic configuration sources.
2020-03-04 15:21:57.238  INFO 28203 --- [main] c.n.c.sources.URLConfigurationSource     : To enable URLs as dynamic configuration sources, define System property archaius.configurationSource.additionalUrls or make config.properties available on classpath.
2020-03-04 15:21:57.248  INFO 28203 --- [main] c.netflix.config.DynamicPropertyFactory  : DynamicPropertyFactory is initialized with configuration sources: com.netflix.config.ConcurrentCompositeConfiguration@7e0f9528
2020-03-04 15:21:57.294  WARN 28203 --- [main] JpaBaseConfiguration$JpaWebConfiguration : spring.jpa.open-in-view is enabled by default. Therefore, database queries may be performed during view rendering. Explicitly configure spring.jpa.open-in-view to disable this warning
2020-03-04 15:21:57.440  INFO 28203 --- [main] o.hibernate.jpa.internal.util.LogHelper  : HHH000204: Processing PersistenceUnitInfo [name: default]
2020-03-04 15:21:57.484  INFO 28203 --- [main] org.hibernate.Version                    : HHH000412: Hibernate Core {5.4.10.Final}
2020-03-04 15:21:57.574  INFO 28203 --- [main] o.hibernate.annotations.common.Version   : HCANN000001: Hibernate Commons Annotations {5.1.0.Final}
2020-03-04 15:21:57.644  INFO 28203 --- [main] com.zaxxer.hikari.HikariDataSource       : HikariPool-1 - Starting...
2020-03-04 15:21:57.785  INFO 28203 --- [main] com.zaxxer.hikari.HikariDataSource       : HikariPool-1 - Start completed.
2020-03-04 15:21:57.802  INFO 28203 --- [main] org.hibernate.dialect.Dialect            : HHH000400: Using dialect: org.hibernate.dialect.PostgreSQL10Dialect
2020-03-04 15:21:58.315  INFO 28203 --- [main] o.h.e.t.j.p.i.JtaPlatformInitiator       : HHH000490: Using JtaPlatform implementation: [org.hibernate.engine.transaction.jta.platform.internal.NoJtaPlatform]
2020-03-04 15:21:58.319  INFO 28203 --- [main] j.LocalContainerEntityManagerFactoryBean : Initialized JPA EntityManagerFactory for persistence unit 'default'
2020-03-04 15:21:59.066  INFO 28203 --- [main] o.s.b.a.e.web.ServletEndpointRegistrar   : Registered '/actuator/hystrix.stream' to hystrix.stream-actuator-endpoint
2020-03-04 15:21:59.108  WARN 28203 --- [main] ConfigServletWebServerApplicationContext : Exception encountered during context initialization - cancelling refresh attempt: org.springframework.beans.factory.UnsatisfiedDependencyException: Error creating bean with name 'authController' defined in file [/home/user0344/projects/identity/back-gradle/build/classes/java/main/spring/auth/AuthController.class]: Unsatisfied dependency expressed through constructor parameter 0; nested exception is org.springframework.beans.factory.UnsatisfiedDependencyException: Error creating bean with name 'authService' defined in file [/home/user0344/projects/identity/back-gradle/build/classes/java/main/spring/auth/AuthService.class]: Unsatisfied dependency expressed through constructor parameter 0; nested exception is org.springframework.beans.factory.UnsatisfiedDependencyException: Error creating bean with name 'userService' defined in file [/home/user0344/projects/identity/back-gradle/build/classes/java/main/spring/user/UserService.class]: Unsatisfied dependency expressed through constructor parameter 1; nested exception is org.springframework.beans.factory.NoSuchBeanDefinitionException: No qualifying bean of type 'spring.user.UserMapper' available: expected at least 1 bean which qualifies as autowire candidate. Dependency annotations: {}
2020-03-04 15:21:59.109  INFO 28203 --- [main] j.LocalContainerEntityManagerFactoryBean : Closing JPA EntityManagerFactory for persistence unit 'default'
2020-03-04 15:21:59.110  INFO 28203 --- [main] com.zaxxer.hikari.HikariDataSource       : HikariPool-1 - Shutdown initiated...
2020-03-04 15:21:59.117  INFO 28203 --- [main] com.zaxxer.hikari.HikariDataSource       : HikariPool-1 - Shutdown completed.
2020-03-04 15:21:59.118  INFO 28203 --- [main] o.apache.catalina.core.StandardService   : Stopping service [Tomcat]
2020-03-04 15:21:59.121  WARN 28203 --- [main] o.a.c.loader.WebappClassLoaderBase       : The web application [ROOT] appears to have started a thread named [RxIoScheduler-1 (Evictor)] but has failed to stop it. This is very likely to create a memory leak. Stack trace of thread:
 java.base@9/jdk.internal.misc.Unsafe.park(Native Method)
 java.base@9/java.util.concurrent.locks.LockSupport.parkNanos(LockSupport.java:234)
 java.base@9/java.util.concurrent.locks.AbstractQueuedSynchronizer$ConditionObject.awaitNanos(AbstractQueuedSynchronizer.java:2104)
 java.base@9/java.util.concurrent.ScheduledThreadPoolExecutor$DelayedWorkQueue.take(ScheduledThreadPoolExecutor.java:1131)
 java.base@9/java.util.concurrent.ScheduledThreadPoolExecutor$DelayedWorkQueue.take(ScheduledThreadPoolExecutor.java:848)
 java.base@9/java.util.concurrent.ThreadPoolExecutor.getTask(ThreadPoolExecutor.java:1092)
 java.base@9/java.util.concurrent.ThreadPoolExecutor.runWorker(ThreadPoolExecutor.java:1152)
 java.base@9/java.util.concurrent.ThreadPoolExecutor$Worker.run(ThreadPoolExecutor.java:641)
 java.base@9/java.lang.Thread.run(Thread.java:844)
2020-03-04 15:21:59.130  INFO 28203 --- [main] ConditionEvaluationReportLoggingListener : 

Error starting ApplicationContext. To display the conditions report re-run your application with 'debug' enabled.
2020-03-04 15:21:59.253 ERROR 28203 --- [main] o.s.b.d.LoggingFailureAnalysisReporter   : 

***************************
APPLICATION FAILED TO START
***************************

Description:

Parameter 1 of constructor in spring.user.UserService required a bean of type 'spring.user.UserMapper' that could not be found.


Action:

Consider defining a bean of type 'spring.user.UserMapper' in your configuration.

2020-03-04 15:22:46.991  INFO 28609 --- [main] spring.IdentityApplication               : The following profiles are active: native
2020-03-04 15:22:47.591  INFO 28609 --- [main] .s.d.r.c.RepositoryConfigurationDelegate : Bootstrapping Spring Data JPA repositories in DEFAULT mode.
2020-03-04 15:22:47.652  INFO 28609 --- [main] .s.d.r.c.RepositoryConfigurationDelegate : Finished Spring Data repository scanning in 54ms. Found 3 JPA repository interfaces.
2020-03-04 15:22:47.750  WARN 28609 --- [main] o.s.boot.actuate.endpoint.EndpointId     : Endpoint ID 'hystrix.stream' contains invalid characters, please migrate to a valid format.
2020-03-04 15:22:47.896  INFO 28609 --- [main] o.s.cloud.context.scope.GenericScope     : BeanFactory id=ba0657f7-6d3c-3b9e-9d4a-7be3f72f06d6
2020-03-04 15:22:48.061  INFO 28609 --- [main] trationDelegate$BeanPostProcessorChecker : Bean 'org.springframework.transaction.annotation.ProxyTransactionManagementConfiguration' of type [org.springframework.transaction.annotation.ProxyTransactionManagementConfiguration] is not eligible for getting processed by all BeanPostProcessors (for example: not eligible for auto-proxying)
2020-03-04 15:22:48.370  INFO 28609 --- [main] o.s.b.w.embedded.tomcat.TomcatWebServer  : Tomcat initialized with port(s): 7070 (https)
2020-03-04 15:22:48.390  INFO 28609 --- [main] o.apache.catalina.core.StandardService   : Starting service [Tomcat]
2020-03-04 15:22:48.390  INFO 28609 --- [main] org.apache.catalina.core.StandardEngine  : Starting Servlet engine: [Apache Tomcat/9.0.30]
2020-03-04 15:22:48.481  INFO 28609 --- [main] o.a.c.c.C.[Tomcat].[localhost].[/]       : Initializing Spring embedded WebApplicationContext
2020-03-04 15:22:48.481  INFO 28609 --- [main] o.s.web.context.ContextLoader            : Root WebApplicationContext: initialization completed in 1475 ms
2020-03-04 15:22:48.569  WARN 28609 --- [main] c.n.c.sources.URLConfigurationSource     : No URLs will be polled as dynamic configuration sources.
2020-03-04 15:22:48.570  INFO 28609 --- [main] c.n.c.sources.URLConfigurationSource     : To enable URLs as dynamic configuration sources, define System property archaius.configurationSource.additionalUrls or make config.properties available on classpath.
2020-03-04 15:22:48.579  INFO 28609 --- [main] c.netflix.config.DynamicPropertyFactory  : DynamicPropertyFactory is initialized with configuration sources: com.netflix.config.ConcurrentCompositeConfiguration@6bcdd6e4
2020-03-04 15:22:48.646  WARN 28609 --- [main] JpaBaseConfiguration$JpaWebConfiguration : spring.jpa.open-in-view is enabled by default. Therefore, database queries may be performed during view rendering. Explicitly configure spring.jpa.open-in-view to disable this warning
2020-03-04 15:22:48.773  INFO 28609 --- [main] o.hibernate.jpa.internal.util.LogHelper  : HHH000204: Processing PersistenceUnitInfo [name: default]
2020-03-04 15:22:48.817  INFO 28609 --- [main] org.hibernate.Version                    : HHH000412: Hibernate Core {5.4.10.Final}
2020-03-04 15:22:48.909  INFO 28609 --- [main] o.hibernate.annotations.common.Version   : HCANN000001: Hibernate Commons Annotations {5.1.0.Final}
2020-03-04 15:22:48.980  INFO 28609 --- [main] com.zaxxer.hikari.HikariDataSource       : HikariPool-1 - Starting...
2020-03-04 15:22:49.116  INFO 28609 --- [main] com.zaxxer.hikari.HikariDataSource       : HikariPool-1 - Start completed.
2020-03-04 15:22:49.133  INFO 28609 --- [main] org.hibernate.dialect.Dialect            : HHH000400: Using dialect: org.hibernate.dialect.PostgreSQL10Dialect
2020-03-04 15:22:49.652  INFO 28609 --- [main] o.h.e.t.j.p.i.JtaPlatformInitiator       : HHH000490: Using JtaPlatform implementation: [org.hibernate.engine.transaction.jta.platform.internal.NoJtaPlatform]
2020-03-04 15:22:49.657  INFO 28609 --- [main] j.LocalContainerEntityManagerFactoryBean : Initialized JPA EntityManagerFactory for persistence unit 'default'
2020-03-04 15:22:50.374  INFO 28609 --- [main] o.s.b.a.e.web.ServletEndpointRegistrar   : Registered '/actuator/hystrix.stream' to hystrix.stream-actuator-endpoint
2020-03-04 15:22:50.591  INFO 28609 --- [main] o.s.s.web.DefaultSecurityFilterChain     : Creating filter chain: any request, [org.springframework.security.web.context.request.async.WebAsyncManagerIntegrationFilter@2d6e09f0, org.springframework.security.web.context.SecurityContextPersistenceFilter@28721794, org.springframework.security.web.header.HeaderWriterFilter@38affd02, org.springframework.security.web.authentication.logout.LogoutFilter@40304938, spring.jwt.JwtAuthenticationFilter@4b9dd787, org.springframework.security.web.savedrequest.RequestCacheAwareFilter@4db10b9f, org.springframework.security.web.servletapi.SecurityContextHolderAwareRequestFilter@3c6e407, org.springframework.security.web.authentication.AnonymousAuthenticationFilter@257da215, org.springframework.security.web.session.SessionManagementFilter@5f14eb51, org.springframework.security.web.access.ExceptionTranslationFilter@7894a250]
2020-03-04 15:22:50.726  WARN 28609 --- [main] c.n.c.sources.URLConfigurationSource     : No URLs will be polled as dynamic configuration sources.
2020-03-04 15:22:50.726  INFO 28609 --- [main] c.n.c.sources.URLConfigurationSource     : To enable URLs as dynamic configuration sources, define System property archaius.configurationSource.additionalUrls or make config.properties available on classpath.
2020-03-04 15:22:51.063  INFO 28609 --- [main] o.s.c.n.zuul.ZuulFilterInitializer       : Starting filter initializer
2020-03-04 15:22:51.067  INFO 28609 --- [main] o.s.b.a.e.web.EndpointLinksResolver      : Exposing 21 endpoint(s) beneath base path '/actuator'
2020-03-04 15:22:51.243  INFO 28609 --- [main] o.s.b.w.embedded.tomcat.TomcatWebServer  : Tomcat started on port(s): 7070 (https) with context path ''
2020-03-04 15:22:51.250  INFO 28609 --- [main] spring.IdentityApplication               : Started IdentityApplication in 5.883 seconds (JVM running for 6.235)
2020-03-04 15:23:00.064  INFO 28609 --- [SpringContextShutdownHook] o.s.c.n.zuul.ZuulFilterInitializer       : Stopping filter initializer
2020-03-04 15:23:00.099  INFO 28609 --- [SpringContextShutdownHook] j.LocalContainerEntityManagerFactoryBean : Closing JPA EntityManagerFactory for persistence unit 'default'
2020-03-04 15:23:00.102  INFO 28609 --- [SpringContextShutdownHook] com.zaxxer.hikari.HikariDataSource       : HikariPool-1 - Shutdown initiated...
2020-03-04 15:23:00.121  INFO 28609 --- [SpringContextShutdownHook] com.zaxxer.hikari.HikariDataSource       : HikariPool-1 - Shutdown completed.
2020-03-04 15:49:19.963  INFO 6052 --- [main] spring.IdentityApplication               : The following profiles are active: native
2020-03-04 15:49:20.564  INFO 6052 --- [main] .s.d.r.c.RepositoryConfigurationDelegate : Bootstrapping Spring Data JPA repositories in DEFAULT mode.
2020-03-04 15:49:20.626  INFO 6052 --- [main] .s.d.r.c.RepositoryConfigurationDelegate : Finished Spring Data repository scanning in 56ms. Found 3 JPA repository interfaces.
2020-03-04 15:49:20.722  WARN 6052 --- [main] o.s.boot.actuate.endpoint.EndpointId     : Endpoint ID 'hystrix.stream' contains invalid characters, please migrate to a valid format.
2020-03-04 15:49:20.878  INFO 6052 --- [main] o.s.cloud.context.scope.GenericScope     : BeanFactory id=ba0657f7-6d3c-3b9e-9d4a-7be3f72f06d6
2020-03-04 15:49:21.040  INFO 6052 --- [main] trationDelegate$BeanPostProcessorChecker : Bean 'org.springframework.transaction.annotation.ProxyTransactionManagementConfiguration' of type [org.springframework.transaction.annotation.ProxyTransactionManagementConfiguration] is not eligible for getting processed by all BeanPostProcessors (for example: not eligible for auto-proxying)
2020-03-04 15:49:21.333  INFO 6052 --- [main] o.s.b.w.embedded.tomcat.TomcatWebServer  : Tomcat initialized with port(s): 7070 (https)
2020-03-04 15:49:21.350  INFO 6052 --- [main] o.apache.catalina.core.StandardService   : Starting service [Tomcat]
2020-03-04 15:49:21.350  INFO 6052 --- [main] org.apache.catalina.core.StandardEngine  : Starting Servlet engine: [Apache Tomcat/9.0.30]
2020-03-04 15:49:21.437  INFO 6052 --- [main] o.a.c.c.C.[Tomcat].[localhost].[/]       : Initializing Spring embedded WebApplicationContext
2020-03-04 15:49:21.438  INFO 6052 --- [main] o.s.web.context.ContextLoader            : Root WebApplicationContext: initialization completed in 1460 ms
2020-03-04 15:49:21.527  WARN 6052 --- [main] c.n.c.sources.URLConfigurationSource     : No URLs will be polled as dynamic configuration sources.
2020-03-04 15:49:21.528  INFO 6052 --- [main] c.n.c.sources.URLConfigurationSource     : To enable URLs as dynamic configuration sources, define System property archaius.configurationSource.additionalUrls or make config.properties available on classpath.
2020-03-04 15:49:21.537  INFO 6052 --- [main] c.netflix.config.DynamicPropertyFactory  : DynamicPropertyFactory is initialized with configuration sources: com.netflix.config.ConcurrentCompositeConfiguration@7d47dfed
2020-03-04 15:49:21.584  WARN 6052 --- [main] JpaBaseConfiguration$JpaWebConfiguration : spring.jpa.open-in-view is enabled by default. Therefore, database queries may be performed during view rendering. Explicitly configure spring.jpa.open-in-view to disable this warning
2020-03-04 15:49:21.754  INFO 6052 --- [main] o.hibernate.jpa.internal.util.LogHelper  : HHH000204: Processing PersistenceUnitInfo [name: default]
2020-03-04 15:49:21.797  INFO 6052 --- [main] org.hibernate.Version                    : HHH000412: Hibernate Core {5.4.10.Final}
2020-03-04 15:49:21.891  INFO 6052 --- [main] o.hibernate.annotations.common.Version   : HCANN000001: Hibernate Commons Annotations {5.1.0.Final}
2020-03-04 15:49:21.960  INFO 6052 --- [main] com.zaxxer.hikari.HikariDataSource       : HikariPool-1 - Starting...
2020-03-04 15:49:22.095  INFO 6052 --- [main] com.zaxxer.hikari.HikariDataSource       : HikariPool-1 - Start completed.
2020-03-04 15:49:22.112  INFO 6052 --- [main] org.hibernate.dialect.Dialect            : HHH000400: Using dialect: org.hibernate.dialect.PostgreSQL10Dialect
2020-03-04 15:49:22.697  INFO 6052 --- [main] o.h.e.t.j.p.i.JtaPlatformInitiator       : HHH000490: Using JtaPlatform implementation: [org.hibernate.engine.transaction.jta.platform.internal.NoJtaPlatform]
2020-03-04 15:49:22.702  INFO 6052 --- [main] j.LocalContainerEntityManagerFactoryBean : Initialized JPA EntityManagerFactory for persistence unit 'default'
2020-03-04 15:49:23.500  INFO 6052 --- [main] o.s.b.a.e.web.ServletEndpointRegistrar   : Registered '/actuator/hystrix.stream' to hystrix.stream-actuator-endpoint
2020-03-04 15:49:23.704  INFO 6052 --- [main] o.s.s.web.DefaultSecurityFilterChain     : Creating filter chain: any request, [org.springframework.security.web.context.request.async.WebAsyncManagerIntegrationFilter@383a5260, org.springframework.security.web.context.SecurityContextPersistenceFilter@edf4973, org.springframework.security.web.header.HeaderWriterFilter@2396dc4e, org.springframework.security.web.authentication.logout.LogoutFilter@7ec729be, spring.jwt.JwtAuthenticationFilter@49616310, org.springframework.security.web.savedrequest.RequestCacheAwareFilter@6e68ccc9, org.springframework.security.web.servletapi.SecurityContextHolderAwareRequestFilter@7fb28ed, org.springframework.security.web.authentication.AnonymousAuthenticationFilter@4986b0ea, org.springframework.security.web.session.SessionManagementFilter@63d43a5, org.springframework.security.web.access.ExceptionTranslationFilter@63e81ac6]
2020-03-04 15:49:23.865  WARN 6052 --- [main] c.n.c.sources.URLConfigurationSource     : No URLs will be polled as dynamic configuration sources.
2020-03-04 15:49:23.866  INFO 6052 --- [main] c.n.c.sources.URLConfigurationSource     : To enable URLs as dynamic configuration sources, define System property archaius.configurationSource.additionalUrls or make config.properties available on classpath.
2020-03-04 15:49:24.282  INFO 6052 --- [main] o.s.c.n.zuul.ZuulFilterInitializer       : Starting filter initializer
2020-03-04 15:49:24.285  INFO 6052 --- [main] o.s.b.a.e.web.EndpointLinksResolver      : Exposing 21 endpoint(s) beneath base path '/actuator'
2020-03-04 15:49:24.506  INFO 6052 --- [main] o.s.b.w.embedded.tomcat.TomcatWebServer  : Tomcat started on port(s): 7070 (https) with context path ''
2020-03-04 15:49:24.565  INFO 6052 --- [main] spring.IdentityApplication               : Started IdentityApplication in 5.256 seconds (JVM running for 5.619)
2020-03-04 15:49:36.719  INFO 6052 --- [SpringContextShutdownHook] o.s.c.n.zuul.ZuulFilterInitializer       : Stopping filter initializer
2020-03-04 15:49:36.730  INFO 6052 --- [SpringContextShutdownHook] j.LocalContainerEntityManagerFactoryBean : Closing JPA EntityManagerFactory for persistence unit 'default'
2020-03-04 15:49:36.733  INFO 6052 --- [SpringContextShutdownHook] com.zaxxer.hikari.HikariDataSource       : HikariPool-1 - Shutdown initiated...
2020-03-04 15:49:36.741  INFO 6052 --- [SpringContextShutdownHook] com.zaxxer.hikari.HikariDataSource       : HikariPool-1 - Shutdown completed.
2020-03-04 15:57:45.035  INFO 8662 --- [main] spring.IdentityApplication               : The following profiles are active: native
2020-03-04 15:57:45.636  INFO 8662 --- [main] .s.d.r.c.RepositoryConfigurationDelegate : Bootstrapping Spring Data JPA repositories in DEFAULT mode.
2020-03-04 15:57:45.700  INFO 8662 --- [main] .s.d.r.c.RepositoryConfigurationDelegate : Finished Spring Data repository scanning in 59ms. Found 3 JPA repository interfaces.
2020-03-04 15:57:45.794  WARN 8662 --- [main] o.s.boot.actuate.endpoint.EndpointId     : Endpoint ID 'hystrix.stream' contains invalid characters, please migrate to a valid format.
2020-03-04 15:57:45.951  INFO 8662 --- [main] o.s.cloud.context.scope.GenericScope     : BeanFactory id=ba0657f7-6d3c-3b9e-9d4a-7be3f72f06d6
2020-03-04 15:57:46.119  INFO 8662 --- [main] trationDelegate$BeanPostProcessorChecker : Bean 'org.springframework.transaction.annotation.ProxyTransactionManagementConfiguration' of type [org.springframework.transaction.annotation.ProxyTransactionManagementConfiguration] is not eligible for getting processed by all BeanPostProcessors (for example: not eligible for auto-proxying)
2020-03-04 15:57:46.413  INFO 8662 --- [main] o.s.b.w.embedded.tomcat.TomcatWebServer  : Tomcat initialized with port(s): 7070 (https)
2020-03-04 15:57:46.429  INFO 8662 --- [main] o.apache.catalina.core.StandardService   : Starting service [Tomcat]
2020-03-04 15:57:46.429  INFO 8662 --- [main] org.apache.catalina.core.StandardEngine  : Starting Servlet engine: [Apache Tomcat/9.0.30]
2020-03-04 15:57:46.514  INFO 8662 --- [main] o.a.c.c.C.[Tomcat].[localhost].[/]       : Initializing Spring embedded WebApplicationContext
2020-03-04 15:57:46.514  INFO 8662 --- [main] o.s.web.context.ContextLoader            : Root WebApplicationContext: initialization completed in 1463 ms
2020-03-04 15:57:46.599  WARN 8662 --- [main] c.n.c.sources.URLConfigurationSource     : No URLs will be polled as dynamic configuration sources.
2020-03-04 15:57:46.599  INFO 8662 --- [main] c.n.c.sources.URLConfigurationSource     : To enable URLs as dynamic configuration sources, define System property archaius.configurationSource.additionalUrls or make config.properties available on classpath.
2020-03-04 15:57:46.608  INFO 8662 --- [main] c.netflix.config.DynamicPropertyFactory  : DynamicPropertyFactory is initialized with configuration sources: com.netflix.config.ConcurrentCompositeConfiguration@35ac9ebd
2020-03-04 15:57:46.654  WARN 8662 --- [main] JpaBaseConfiguration$JpaWebConfiguration : spring.jpa.open-in-view is enabled by default. Therefore, database queries may be performed during view rendering. Explicitly configure spring.jpa.open-in-view to disable this warning
2020-03-04 15:57:46.809  INFO 8662 --- [main] o.hibernate.jpa.internal.util.LogHelper  : HHH000204: Processing PersistenceUnitInfo [name: default]
2020-03-04 15:57:46.853  INFO 8662 --- [main] org.hibernate.Version                    : HHH000412: Hibernate Core {5.4.10.Final}
2020-03-04 15:57:46.946  INFO 8662 --- [main] o.hibernate.annotations.common.Version   : HCANN000001: Hibernate Commons Annotations {5.1.0.Final}
2020-03-04 15:57:47.018  INFO 8662 --- [main] com.zaxxer.hikari.HikariDataSource       : HikariPool-1 - Starting...
2020-03-04 15:57:47.161  INFO 8662 --- [main] com.zaxxer.hikari.HikariDataSource       : HikariPool-1 - Start completed.
2020-03-04 15:57:47.179  INFO 8662 --- [main] org.hibernate.dialect.Dialect            : HHH000400: Using dialect: org.hibernate.dialect.PostgreSQL10Dialect
2020-03-04 15:57:47.738  INFO 8662 --- [main] o.h.e.t.j.p.i.JtaPlatformInitiator       : HHH000490: Using JtaPlatform implementation: [org.hibernate.engine.transaction.jta.platform.internal.NoJtaPlatform]
2020-03-04 15:57:47.742  INFO 8662 --- [main] j.LocalContainerEntityManagerFactoryBean : Initialized JPA EntityManagerFactory for persistence unit 'default'
2020-03-04 15:57:48.502  INFO 8662 --- [main] o.s.b.a.e.web.ServletEndpointRegistrar   : Registered '/actuator/hystrix.stream' to hystrix.stream-actuator-endpoint
2020-03-04 15:57:48.724  INFO 8662 --- [main] o.s.s.web.DefaultSecurityFilterChain     : Creating filter chain: any request, [org.springframework.security.web.context.request.async.WebAsyncManagerIntegrationFilter@5481f204, org.springframework.security.web.context.SecurityContextPersistenceFilter@257da215, org.springframework.security.web.header.HeaderWriterFilter@5101b9, org.springframework.security.web.authentication.logout.LogoutFilter@277dddcf, spring.jwt.JwtAuthenticationFilter@56bf6f1e, org.springframework.security.web.savedrequest.RequestCacheAwareFilter@f3e6876, org.springframework.security.web.servletapi.SecurityContextHolderAwareRequestFilter@21f421b8, org.springframework.security.web.authentication.AnonymousAuthenticationFilter@171b0d3, org.springframework.security.web.session.SessionManagementFilter@3816efab, org.springframework.security.web.access.ExceptionTranslationFilter@533690d]
2020-03-04 15:57:48.867  WARN 8662 --- [main] c.n.c.sources.URLConfigurationSource     : No URLs will be polled as dynamic configuration sources.
2020-03-04 15:57:48.867  INFO 8662 --- [main] c.n.c.sources.URLConfigurationSource     : To enable URLs as dynamic configuration sources, define System property archaius.configurationSource.additionalUrls or make config.properties available on classpath.
2020-03-04 15:57:49.258  INFO 8662 --- [main] o.s.c.n.zuul.ZuulFilterInitializer       : Starting filter initializer
2020-03-04 15:57:49.262  INFO 8662 --- [main] o.s.b.a.e.web.EndpointLinksResolver      : Exposing 21 endpoint(s) beneath base path '/actuator'
2020-03-04 15:57:49.446  INFO 8662 --- [main] o.s.b.w.embedded.tomcat.TomcatWebServer  : Tomcat started on port(s): 7070 (https) with context path ''
2020-03-04 15:57:49.503  INFO 8662 --- [main] spring.IdentityApplication               : Started IdentityApplication in 5.096 seconds (JVM running for 5.446)
2020-03-04 15:57:54.289  INFO 8662 --- [SpringContextShutdownHook] o.s.c.n.zuul.ZuulFilterInitializer       : Stopping filter initializer
2020-03-04 15:57:54.328  INFO 8662 --- [SpringContextShutdownHook] j.LocalContainerEntityManagerFactoryBean : Closing JPA EntityManagerFactory for persistence unit 'default'
2020-03-04 15:57:54.332  INFO 8662 --- [SpringContextShutdownHook] com.zaxxer.hikari.HikariDataSource       : HikariPool-1 - Shutdown initiated...
2020-03-04 15:57:54.339  INFO 8662 --- [SpringContextShutdownHook] com.zaxxer.hikari.HikariDataSource       : HikariPool-1 - Shutdown completed.
2020-03-04 16:54:52.571  INFO 25125 --- [main] spring.IdentityApplication               : The following profiles are active: native
2020-03-04 16:54:53.180  INFO 25125 --- [main] .s.d.r.c.RepositoryConfigurationDelegate : Bootstrapping Spring Data JPA repositories in DEFAULT mode.
2020-03-04 16:54:53.241  INFO 25125 --- [main] .s.d.r.c.RepositoryConfigurationDelegate : Finished Spring Data repository scanning in 55ms. Found 3 JPA repository interfaces.
2020-03-04 16:54:53.332  WARN 25125 --- [main] o.s.boot.actuate.endpoint.EndpointId     : Endpoint ID 'hystrix.stream' contains invalid characters, please migrate to a valid format.
2020-03-04 16:54:53.472  INFO 25125 --- [main] o.s.cloud.context.scope.GenericScope     : BeanFactory id=ba0657f7-6d3c-3b9e-9d4a-7be3f72f06d6
2020-03-04 16:54:53.641  INFO 25125 --- [main] trationDelegate$BeanPostProcessorChecker : Bean 'org.springframework.transaction.annotation.ProxyTransactionManagementConfiguration' of type [org.springframework.transaction.annotation.ProxyTransactionManagementConfiguration] is not eligible for getting processed by all BeanPostProcessors (for example: not eligible for auto-proxying)
2020-03-04 16:54:53.934  INFO 25125 --- [main] o.s.b.w.embedded.tomcat.TomcatWebServer  : Tomcat initialized with port(s): 7070 (https)
2020-03-04 16:54:53.950  INFO 25125 --- [main] o.apache.catalina.core.StandardService   : Starting service [Tomcat]
2020-03-04 16:54:53.951  INFO 25125 --- [main] org.apache.catalina.core.StandardEngine  : Starting Servlet engine: [Apache Tomcat/9.0.30]
2020-03-04 16:54:54.038  INFO 25125 --- [main] o.a.c.c.C.[Tomcat].[localhost].[/]       : Initializing Spring embedded WebApplicationContext
2020-03-04 16:54:54.038  INFO 25125 --- [main] o.s.web.context.ContextLoader            : Root WebApplicationContext: initialization completed in 1446 ms
2020-03-04 16:54:54.128  WARN 25125 --- [main] c.n.c.sources.URLConfigurationSource     : No URLs will be polled as dynamic configuration sources.
2020-03-04 16:54:54.129  INFO 25125 --- [main] c.n.c.sources.URLConfigurationSource     : To enable URLs as dynamic configuration sources, define System property archaius.configurationSource.additionalUrls or make config.properties available on classpath.
2020-03-04 16:54:54.138  INFO 25125 --- [main] c.netflix.config.DynamicPropertyFactory  : DynamicPropertyFactory is initialized with configuration sources: com.netflix.config.ConcurrentCompositeConfiguration@3719360c
2020-03-04 16:54:54.188  WARN 25125 --- [main] JpaBaseConfiguration$JpaWebConfiguration : spring.jpa.open-in-view is enabled by default. Therefore, database queries may be performed during view rendering. Explicitly configure spring.jpa.open-in-view to disable this warning
2020-03-04 16:54:54.335  INFO 25125 --- [main] o.hibernate.jpa.internal.util.LogHelper  : HHH000204: Processing PersistenceUnitInfo [name: default]
2020-03-04 16:54:54.378  INFO 25125 --- [main] org.hibernate.Version                    : HHH000412: Hibernate Core {5.4.10.Final}
2020-03-04 16:54:54.469  INFO 25125 --- [main] o.hibernate.annotations.common.Version   : HCANN000001: Hibernate Commons Annotations {5.1.0.Final}
2020-03-04 16:54:54.538  INFO 25125 --- [main] com.zaxxer.hikari.HikariDataSource       : HikariPool-1 - Starting...
2020-03-04 16:54:54.682  INFO 25125 --- [main] com.zaxxer.hikari.HikariDataSource       : HikariPool-1 - Start completed.
2020-03-04 16:54:54.699  INFO 25125 --- [main] org.hibernate.dialect.Dialect            : HHH000400: Using dialect: org.hibernate.dialect.PostgreSQL10Dialect
2020-03-04 16:54:55.259  INFO 25125 --- [main] o.h.e.t.j.p.i.JtaPlatformInitiator       : HHH000490: Using JtaPlatform implementation: [org.hibernate.engine.transaction.jta.platform.internal.NoJtaPlatform]
2020-03-04 16:54:55.263  INFO 25125 --- [main] j.LocalContainerEntityManagerFactoryBean : Initialized JPA EntityManagerFactory for persistence unit 'default'
2020-03-04 16:54:56.060  INFO 25125 --- [main] o.s.b.a.e.web.ServletEndpointRegistrar   : Registered '/actuator/hystrix.stream' to hystrix.stream-actuator-endpoint
2020-03-04 16:54:56.247  INFO 25125 --- [main] o.s.s.web.DefaultSecurityFilterChain     : Creating filter chain: any request, [org.springframework.security.web.context.request.async.WebAsyncManagerIntegrationFilter@159314ca, org.springframework.security.web.context.SecurityContextPersistenceFilter@130ad58d, org.springframework.security.web.header.HeaderWriterFilter@401b7226, org.springframework.security.web.authentication.logout.LogoutFilter@110f66e3, spring.jwt.JwtAuthenticationFilter@756030e2, org.springframework.security.web.savedrequest.RequestCacheAwareFilter@383a5260, org.springframework.security.web.servletapi.SecurityContextHolderAwareRequestFilter@751526a7, org.springframework.security.web.authentication.AnonymousAuthenticationFilter@bafc754, org.springframework.security.web.session.SessionManagementFilter@76055d02, org.springframework.security.web.access.ExceptionTranslationFilter@26398f67]
2020-03-04 16:54:56.381  WARN 25125 --- [main] c.n.c.sources.URLConfigurationSource     : No URLs will be polled as dynamic configuration sources.
2020-03-04 16:54:56.381  INFO 25125 --- [main] c.n.c.sources.URLConfigurationSource     : To enable URLs as dynamic configuration sources, define System property archaius.configurationSource.additionalUrls or make config.properties available on classpath.
2020-03-04 16:54:56.797  INFO 25125 --- [main] o.s.c.n.zuul.ZuulFilterInitializer       : Starting filter initializer
2020-03-04 16:54:56.800  INFO 25125 --- [main] o.s.b.a.e.web.EndpointLinksResolver      : Exposing 21 endpoint(s) beneath base path '/actuator'
2020-03-04 16:54:57.009  INFO 25125 --- [main] o.s.b.w.embedded.tomcat.TomcatWebServer  : Tomcat started on port(s): 7070 (https) with context path ''
2020-03-04 16:54:57.066  INFO 25125 --- [main] spring.IdentityApplication               : Started IdentityApplication in 5.124 seconds (JVM running for 5.51)
2020-03-04 16:55:11.900  INFO 25125 --- [https-jsse-nio-7070-exec-7] o.a.c.c.C.[Tomcat].[localhost].[/]       : Initializing Spring DispatcherServlet 'dispatcherServlet'
2020-03-04 16:55:11.900  INFO 25125 --- [https-jsse-nio-7070-exec-7] o.s.web.servlet.DispatcherServlet        : Initializing Servlet 'dispatcherServlet'
2020-03-04 16:55:11.907  INFO 25125 --- [https-jsse-nio-7070-exec-7] o.s.web.servlet.DispatcherServlet        : Completed initialization in 7 ms
2020-03-04 16:55:11.921  WARN 25125 --- [https-jsse-nio-7070-exec-7] o.s.c.n.zuul.web.ZuulHandlerMapping      : No routes found from RouteLocator
2020-03-04 17:07:09.571  WARN 25125 --- [https-jsse-nio-7070-exec-5] o.s.web.servlet.PageNotFound             : No mapping for GET /user
2020-03-04 17:07:21.132  WARN 25125 --- [https-jsse-nio-7070-exec-7] o.s.web.servlet.PageNotFound             : No mapping for GET /v1/api/user
2020-03-04 17:07:44.941  WARN 25125 --- [https-jsse-nio-7070-exec-7] o.s.web.servlet.PageNotFound             : No mapping for GET /v1/api/user/3
2020-03-04 17:08:07.418  WARN 25125 --- [https-jsse-nio-7070-exec-7] o.s.web.servlet.PageNotFound             : No mapping for GET /v1/api/user/username/admin
2020-03-04 17:09:09.932  WARN 25125 --- [https-jsse-nio-7070-exec-3] o.s.web.servlet.PageNotFound             : No mapping for GET /v1/api/user
2020-03-04 17:20:04.361  INFO 25125 --- [SpringContextShutdownHook] o.s.c.n.zuul.ZuulFilterInitializer       : Stopping filter initializer
2020-03-04 17:20:04.388  INFO 25125 --- [SpringContextShutdownHook] j.LocalContainerEntityManagerFactoryBean : Closing JPA EntityManagerFactory for persistence unit 'default'
2020-03-04 17:20:04.391  INFO 25125 --- [SpringContextShutdownHook] com.zaxxer.hikari.HikariDataSource       : HikariPool-1 - Shutdown initiated...
2020-03-04 17:20:04.400  INFO 25125 --- [SpringContextShutdownHook] com.zaxxer.hikari.HikariDataSource       : HikariPool-1 - Shutdown completed.
